# ******************************************************
# PLUTO 4.4-patch2 Grid File
# Generated on  Mon Oct 20 22:38:49 2025
# 
# DIMENSIONS: 2
# GEOMETRY:   POLAR
# X1: [ 0.700000,  1.500000], 100 point(s), 2 ghosts
# X2: [ 0.000000,  6.283185], 180 point(s), 2 ghosts
# ******************************************************
100 
 1   7.000000000000e-01    7.053553621217e-01
 2   7.053553621217e-01    7.107516955340e-01
 3   7.107516955340e-01    7.161893136885e-01
 4   7.161893136885e-01    7.216685324349e-01
 5   7.216685324349e-01    7.271896700392e-01
 6   7.271896700392e-01    7.327530472023e-01
 7   7.327530472023e-01    7.383589870788e-01
 8   7.383589870788e-01    7.440078152954e-01
 9   7.440078152954e-01    7.496998599700e-01
 10   7.496998599700e-01    7.554354517310e-01
 11   7.554354517310e-01    7.612149237361e-01
 12   7.612149237361e-01    7.670386116918e-01
 13   7.670386116918e-01    7.729068538731e-01
 14   7.729068538731e-01    7.788199911429e-01
 15   7.788199911429e-01    7.847783669717e-01
 16   7.847783669717e-01    7.907823274579e-01
 17   7.907823274579e-01    7.968322213479e-01
 18   7.968322213479e-01    8.029284000558e-01
 19   8.029284000558e-01    8.090712176844e-01
 20   8.090712176844e-01    8.152610310458e-01
 21   8.152610310458e-01    8.214981996814e-01
 22   8.214981996814e-01    8.277830858837e-01
 23   8.277830858837e-01    8.341160547166e-01
 24   8.341160547166e-01    8.404974740374e-01
 25   8.404974740374e-01    8.469277145171e-01
 26   8.469277145171e-01    8.534071496630e-01
 27   8.534071496630e-01    8.599361558396e-01
 28   8.599361558396e-01    8.665151122911e-01
 29   8.665151122911e-01    8.731444011629e-01
 30   8.731444011629e-01    8.798244075239e-01
 31   8.798244075239e-01    8.865555193893e-01
 32   8.865555193893e-01    8.933381277426e-01
 33   8.933381277426e-01    9.001726265585e-01
 34   9.001726265585e-01    9.070594128260e-01
 35   9.070594128260e-01    9.139988865711e-01
 36   9.139988865711e-01    9.209914508802e-01
 37   9.209914508802e-01    9.280375119236e-01
 38   9.280375119236e-01    9.351374789791e-01
 39   9.351374789791e-01    9.422917644555e-01
 40   9.422917644555e-01    9.495007839168e-01
 41   9.495007839168e-01    9.567649561064e-01
 42   9.567649561064e-01    9.640847029711e-01
 43   9.640847029711e-01    9.714604496859e-01
 44   9.714604496859e-01    9.788926246787e-01
 45   9.788926246787e-01    9.863816596549e-01
 46   9.863816596549e-01    9.939279896230e-01
 47   9.939279896230e-01    1.001532052919e+00
 48   1.001532052919e+00    1.009194291233e+00
 49   1.009194291233e+00    1.016915149634e+00
 50   1.016915149634e+00    1.024695076596e+00
 51   1.024695076596e+00    1.032534524024e+00
 52   1.032534524024e+00    1.040433947280e+00
 53   1.040433947280e+00    1.048393805210e+00
 54   1.048393805210e+00    1.056414560172e+00
 55   1.056414560172e+00    1.064496678058e+00
 56   1.064496678058e+00    1.072640628327e+00
 57   1.072640628327e+00    1.080846884029e+00
 58   1.080846884029e+00    1.089115921832e+00
 59   1.089115921832e+00    1.097448222051e+00
 60   1.097448222051e+00    1.105844268678e+00
 61   1.105844268678e+00    1.114304549405e+00
 62   1.114304549405e+00    1.122829555657e+00
 63   1.122829555657e+00    1.131419782616e+00
 64   1.131419782616e+00    1.140075729255e+00
 65   1.140075729255e+00    1.148797898364e+00
 66   1.148797898364e+00    1.157586796579e+00
 67   1.157586796579e+00    1.166442934412e+00
 68   1.166442934412e+00    1.175366826280e+00
 69   1.175366826280e+00    1.184358990538e+00
 70   1.184358990538e+00    1.193419949504e+00
 71   1.193419949504e+00    1.202550229494e+00
 72   1.202550229494e+00    1.211750360849e+00
 73   1.211750360849e+00    1.221020877968e+00
 74   1.221020877968e+00    1.230362319339e+00
 75   1.230362319339e+00    1.239775227569e+00
 76   1.239775227569e+00    1.249260149416e+00
 77   1.249260149416e+00    1.258817635822e+00
 78   1.258817635822e+00    1.268448241944e+00
 79   1.268448241944e+00    1.278152527184e+00
 80   1.278152527184e+00    1.287931055227e+00
 81   1.287931055227e+00    1.297784394067e+00
 82   1.297784394067e+00    1.307713116048e+00
 83   1.307713116048e+00    1.317717797887e+00
 84   1.317717797887e+00    1.327799020718e+00
 85   1.327799020718e+00    1.337957370119e+00
 86   1.337957370119e+00    1.348193436148e+00
 87   1.348193436148e+00    1.358507813378e+00
 88   1.358507813378e+00    1.368901100929e+00
 89   1.368901100929e+00    1.379373902506e+00
 90   1.379373902506e+00    1.389926826434e+00
 91   1.389926826434e+00    1.400560485688e+00
 92   1.400560485688e+00    1.411275497937e+00
 93   1.411275497937e+00    1.422072485573e+00
 94   1.422072485573e+00    1.432952075749e+00
 95   1.432952075749e+00    1.443914900418e+00
 96   1.443914900418e+00    1.454961596368e+00
 97   1.454961596368e+00    1.466092805256e+00
 98   1.466092805256e+00    1.477309173650e+00
 99   1.477309173650e+00    1.488611353066e+00
 100   1.488611353066e+00    1.500000000000e+00
180 
 1   0.000000000000e+00    3.490658503889e-02
 2   3.490658503889e-02    6.981317007778e-02
 3   6.981317007778e-02    1.047197551167e-01
 4   1.047197551167e-01    1.396263401556e-01
 5   1.396263401556e-01    1.745329251944e-01
 6   1.745329251944e-01    2.094395102333e-01
 7   2.094395102333e-01    2.443460952722e-01
 8   2.443460952722e-01    2.792526803111e-01
 9   2.792526803111e-01    3.141592653500e-01
 10   3.141592653500e-01    3.490658503889e-01
 11   3.490658503889e-01    3.839724354278e-01
 12   3.839724354278e-01    4.188790204667e-01
 13   4.188790204667e-01    4.537856055056e-01
 14   4.537856055056e-01    4.886921905444e-01
 15   4.886921905444e-01    5.235987755833e-01
 16   5.235987755833e-01    5.585053606222e-01
 17   5.585053606222e-01    5.934119456611e-01
 18   5.934119456611e-01    6.283185307000e-01
 19   6.283185307000e-01    6.632251157389e-01
 20   6.632251157389e-01    6.981317007778e-01
 21   6.981317007778e-01    7.330382858167e-01
 22   7.330382858167e-01    7.679448708556e-01
 23   7.679448708556e-01    8.028514558944e-01
 24   8.028514558944e-01    8.377580409333e-01
 25   8.377580409333e-01    8.726646259722e-01
 26   8.726646259722e-01    9.075712110111e-01
 27   9.075712110111e-01    9.424777960500e-01
 28   9.424777960500e-01    9.773843810889e-01
 29   9.773843810889e-01    1.012290966128e+00
 30   1.012290966128e+00    1.047197551167e+00
 31   1.047197551167e+00    1.082104136206e+00
 32   1.082104136206e+00    1.117010721244e+00
 33   1.117010721244e+00    1.151917306283e+00
 34   1.151917306283e+00    1.186823891322e+00
 35   1.186823891322e+00    1.221730476361e+00
 36   1.221730476361e+00    1.256637061400e+00
 37   1.256637061400e+00    1.291543646439e+00
 38   1.291543646439e+00    1.326450231478e+00
 39   1.326450231478e+00    1.361356816517e+00
 40   1.361356816517e+00    1.396263401556e+00
 41   1.396263401556e+00    1.431169986594e+00
 42   1.431169986594e+00    1.466076571633e+00
 43   1.466076571633e+00    1.500983156672e+00
 44   1.500983156672e+00    1.535889741711e+00
 45   1.535889741711e+00    1.570796326750e+00
 46   1.570796326750e+00    1.605702911789e+00
 47   1.605702911789e+00    1.640609496828e+00
 48   1.640609496828e+00    1.675516081867e+00
 49   1.675516081867e+00    1.710422666906e+00
 50   1.710422666906e+00    1.745329251944e+00
 51   1.745329251944e+00    1.780235836983e+00
 52   1.780235836983e+00    1.815142422022e+00
 53   1.815142422022e+00    1.850049007061e+00
 54   1.850049007061e+00    1.884955592100e+00
 55   1.884955592100e+00    1.919862177139e+00
 56   1.919862177139e+00    1.954768762178e+00
 57   1.954768762178e+00    1.989675347217e+00
 58   1.989675347217e+00    2.024581932256e+00
 59   2.024581932256e+00    2.059488517294e+00
 60   2.059488517294e+00    2.094395102333e+00
 61   2.094395102333e+00    2.129301687372e+00
 62   2.129301687372e+00    2.164208272411e+00
 63   2.164208272411e+00    2.199114857450e+00
 64   2.199114857450e+00    2.234021442489e+00
 65   2.234021442489e+00    2.268928027528e+00
 66   2.268928027528e+00    2.303834612567e+00
 67   2.303834612567e+00    2.338741197606e+00
 68   2.338741197606e+00    2.373647782644e+00
 69   2.373647782644e+00    2.408554367683e+00
 70   2.408554367683e+00    2.443460952722e+00
 71   2.443460952722e+00    2.478367537761e+00
 72   2.478367537761e+00    2.513274122800e+00
 73   2.513274122800e+00    2.548180707839e+00
 74   2.548180707839e+00    2.583087292878e+00
 75   2.583087292878e+00    2.617993877917e+00
 76   2.617993877917e+00    2.652900462956e+00
 77   2.652900462956e+00    2.687807047994e+00
 78   2.687807047994e+00    2.722713633033e+00
 79   2.722713633033e+00    2.757620218072e+00
 80   2.757620218072e+00    2.792526803111e+00
 81   2.792526803111e+00    2.827433388150e+00
 82   2.827433388150e+00    2.862339973189e+00
 83   2.862339973189e+00    2.897246558228e+00
 84   2.897246558228e+00    2.932153143267e+00
 85   2.932153143267e+00    2.967059728306e+00
 86   2.967059728306e+00    3.001966313344e+00
 87   3.001966313344e+00    3.036872898383e+00
 88   3.036872898383e+00    3.071779483422e+00
 89   3.071779483422e+00    3.106686068461e+00
 90   3.106686068461e+00    3.141592653500e+00
 91   3.141592653500e+00    3.176499238539e+00
 92   3.176499238539e+00    3.211405823578e+00
 93   3.211405823578e+00    3.246312408617e+00
 94   3.246312408617e+00    3.281218993656e+00
 95   3.281218993656e+00    3.316125578694e+00
 96   3.316125578694e+00    3.351032163733e+00
 97   3.351032163733e+00    3.385938748772e+00
 98   3.385938748772e+00    3.420845333811e+00
 99   3.420845333811e+00    3.455751918850e+00
 100   3.455751918850e+00    3.490658503889e+00
 101   3.490658503889e+00    3.525565088928e+00
 102   3.525565088928e+00    3.560471673967e+00
 103   3.560471673967e+00    3.595378259006e+00
 104   3.595378259006e+00    3.630284844044e+00
 105   3.630284844044e+00    3.665191429083e+00
 106   3.665191429083e+00    3.700098014122e+00
 107   3.700098014122e+00    3.735004599161e+00
 108   3.735004599161e+00    3.769911184200e+00
 109   3.769911184200e+00    3.804817769239e+00
 110   3.804817769239e+00    3.839724354278e+00
 111   3.839724354278e+00    3.874630939317e+00
 112   3.874630939317e+00    3.909537524356e+00
 113   3.909537524356e+00    3.944444109394e+00
 114   3.944444109394e+00    3.979350694433e+00
 115   3.979350694433e+00    4.014257279472e+00
 116   4.014257279472e+00    4.049163864511e+00
 117   4.049163864511e+00    4.084070449550e+00
 118   4.084070449550e+00    4.118977034589e+00
 119   4.118977034589e+00    4.153883619628e+00
 120   4.153883619628e+00    4.188790204667e+00
 121   4.188790204667e+00    4.223696789706e+00
 122   4.223696789706e+00    4.258603374744e+00
 123   4.258603374744e+00    4.293509959783e+00
 124   4.293509959783e+00    4.328416544822e+00
 125   4.328416544822e+00    4.363323129861e+00
 126   4.363323129861e+00    4.398229714900e+00
 127   4.398229714900e+00    4.433136299939e+00
 128   4.433136299939e+00    4.468042884978e+00
 129   4.468042884978e+00    4.502949470017e+00
 130   4.502949470017e+00    4.537856055056e+00
 131   4.537856055056e+00    4.572762640094e+00
 132   4.572762640094e+00    4.607669225133e+00
 133   4.607669225133e+00    4.642575810172e+00
 134   4.642575810172e+00    4.677482395211e+00
 135   4.677482395211e+00    4.712388980250e+00
 136   4.712388980250e+00    4.747295565289e+00
 137   4.747295565289e+00    4.782202150328e+00
 138   4.782202150328e+00    4.817108735367e+00
 139   4.817108735367e+00    4.852015320406e+00
 140   4.852015320406e+00    4.886921905444e+00
 141   4.886921905444e+00    4.921828490483e+00
 142   4.921828490483e+00    4.956735075522e+00
 143   4.956735075522e+00    4.991641660561e+00
 144   4.991641660561e+00    5.026548245600e+00
 145   5.026548245600e+00    5.061454830639e+00
 146   5.061454830639e+00    5.096361415678e+00
 147   5.096361415678e+00    5.131268000717e+00
 148   5.131268000717e+00    5.166174585756e+00
 149   5.166174585756e+00    5.201081170794e+00
 150   5.201081170794e+00    5.235987755833e+00
 151   5.235987755833e+00    5.270894340872e+00
 152   5.270894340872e+00    5.305800925911e+00
 153   5.305800925911e+00    5.340707510950e+00
 154   5.340707510950e+00    5.375614095989e+00
 155   5.375614095989e+00    5.410520681028e+00
 156   5.410520681028e+00    5.445427266067e+00
 157   5.445427266067e+00    5.480333851106e+00
 158   5.480333851106e+00    5.515240436144e+00
 159   5.515240436144e+00    5.550147021183e+00
 160   5.550147021183e+00    5.585053606222e+00
 161   5.585053606222e+00    5.619960191261e+00
 162   5.619960191261e+00    5.654866776300e+00
 163   5.654866776300e+00    5.689773361339e+00
 164   5.689773361339e+00    5.724679946378e+00
 165   5.724679946378e+00    5.759586531417e+00
 166   5.759586531417e+00    5.794493116456e+00
 167   5.794493116456e+00    5.829399701494e+00
 168   5.829399701494e+00    5.864306286533e+00
 169   5.864306286533e+00    5.899212871572e+00
 170   5.899212871572e+00    5.934119456611e+00
 171   5.934119456611e+00    5.969026041650e+00
 172   5.969026041650e+00    6.003932626689e+00
 173   6.003932626689e+00    6.038839211728e+00
 174   6.038839211728e+00    6.073745796767e+00
 175   6.073745796767e+00    6.108652381806e+00
 176   6.108652381806e+00    6.143558966844e+00
 177   6.143558966844e+00    6.178465551883e+00
 178   6.178465551883e+00    6.213372136922e+00
 179   6.213372136922e+00    6.248278721961e+00
 180   6.248278721961e+00    6.283185307000e+00
1 
 1   -1.000000000000e+00    1.000000000000e+00
