0 1  9.999999999999996e-01  3.336989437355839e-16  0.000000000000000e+00  0.000000000000000e+00  0.000000000000000e+00  4.999999999999999e-01  9.999999999999989e-01  4.999999999999997e-01  4.999999999999995e-01
1 1  9.999999682016801e-01  1.712951696924321e-10  0.000000000000000e+00  0.000000000000000e+00  0.000000000000000e+00  4.873890590609969e-01  9.999999522525207e-01  4.873890589807759e-01  4.873890589005548e-01
1 1  9.999996827165539e-01  8.033779030996598e-10  0.000000000000000e+00  0.000000000000000e+00  0.000000000000000e+00  5.031289609258983e-01  9.999995240248688e-01  5.031289605385344e-01  5.031289601511704e-01
3 1  9.999999047639403e-01  3.059403034935864e-10  0.000000000000000e+00  0.000000000000000e+00  0.000000000000000e+00  4.996459761556840e-01  9.999998570959139e-01  4.996459760091036e-01  4.996459758625231e-01
2 1  9.999993655049246e-01  1.514210415333845e-09  0.000000000000000e+00  0.000000000000000e+00  0.000000000000000e+00  5.208183445334049e-01  9.999990482075379e-01  5.208183437799486e-01  5.208183430264924e-01
5 1  9.999998413218684e-01  4.474305381600456e-10  0.000000000000000e+00  0.000000000000000e+00  0.000000000000000e+00  4.998900266842110e-01  9.999997619328120e-01  4.998900264697445e-01  4.998900262552781e-01
3 1  9.999990482926755e-01  2.216485715456759e-09  0.000000000000000e+00  0.000000000000000e+00  0.000000000000000e+00  5.673351809429616e-01  9.999985723893531e-01  5.673351797518521e-01  5.673351785607423e-01
7 1  9.999997778797909e-01  5.896390936531235e-10  0.000000000000000e+00  0.000000000000000e+00  0.000000000000000e+00  5.007370600526694e-01  9.999996667697049e-01  5.007370597696000e-01  5.007370594865307e-01
8 1  9.999997461586958e-01  6.608952342805693e-10  0.000000000000000e+00  0.000000000000000e+00  0.000000000000000e+00  5.013848756773857e-01  9.999996191880679e-01  5.013848753597329e-01  5.013848750420798e-01
9 1  9.999997144376502e-01  7.320647982131006e-10  0.000000000000000e+00  0.000000000000000e+00  0.000000000000000e+00  5.021821769705138e-01  9.999995716065060e-01  5.021821766181418e-01  5.021821762657701e-01
10 1  9.999996827165539e-01  8.033779030996598e-10  0.000000000000000e+00  0.000000000000000e+00  0.000000000000000e+00  5.031289609258983e-01  9.999995240248688e-01  5.031289605385344e-01  5.031289601511704e-01
11 1  9.999996509952999e-01  8.746951832810325e-10  0.000000000000000e+00  0.000000000000000e+00  0.000000000000000e+00  5.042252276466979e-01  9.999994764429955e-01  5.042252272241070e-01  5.042252268015162e-01
12 1  9.999996192741487e-01  9.458361133933362e-10  0.000000000000000e+00  0.000000000000000e+00  0.000000000000000e+00  5.054709769806630e-01  9.999994288612776e-01  5.054709765226708e-01  5.054709760646785e-01
13 1  9.999995875529277e-01  1.016997723533910e-09  0.000000000000000e+00  0.000000000000000e+00  0.000000000000000e+00  5.068662091228820e-01  9.999993812794554e-01  5.068662086291911e-01  5.068662081354999e-01
14 1  9.999995558318667e-01  1.088194828284792e-09  0.000000000000000e+00  0.000000000000000e+00  0.000000000000000e+00  5.084109238322911e-01  9.999993336978741e-01  5.084109233025689e-01  5.084109227728467e-01
15 1  9.999995241107309e-01  1.159401760824516e-09  0.000000000000000e+00  0.000000000000000e+00  0.000000000000000e+00  5.101051207712719e-01  9.999992861161813e-01  5.101051202051717e-01  5.101051196390718e-01
16 1  9.999994923895678e-01  1.230468389340399e-09  0.000000000000000e+00  0.000000000000000e+00  0.000000000000000e+00  5.119488001780499e-01  9.999992385344483e-01  5.119487995752716e-01  5.119487989724933e-01
17 1  9.999994606683653e-01  1.301423361068807e-09  0.000000000000000e+00  0.000000000000000e+00  0.000000000000000e+00  5.139419623689029e-01  9.999991909526571e-01  5.139419617291051e-01  5.139419610893075e-01
18 1  9.999994289471977e-01  1.372450153882200e-09  0.000000000000000e+00  0.000000000000000e+00  0.000000000000000e+00  5.160846072127238e-01  9.999991433709189e-01  5.160846065354492e-01  5.160846058581746e-01
19 1  9.999993972261300e-01  1.443413077601724e-09  0.000000000000000e+00  0.000000000000000e+00  0.000000000000000e+00  5.183767345205398e-01  9.999990957893312e-01  5.183767338053711e-01  5.183767330902020e-01
20 1  9.999993655049246e-01  1.514210415333845e-09  0.000000000000000e+00  0.000000000000000e+00  0.000000000000000e+00  5.208183445334049e-01  9.999990482075379e-01  5.208183437799486e-01  5.208183430264924e-01
21 1  9.999993337839168e-01  1.585150380602738e-09  0.000000000000000e+00  0.000000000000000e+00  0.000000000000000e+00  5.234094366873140e-01  9.999990006260416e-01  5.234094358949987e-01  5.234094351026835e-01
22 1  9.999993020626534e-01  1.655940673152973e-09  0.000000000000000e+00  0.000000000000000e+00  0.000000000000000e+00  5.261500114906895e-01  9.999989530441629e-01  5.261500106590632e-01  5.261500098274369e-01
23 1  9.999992703414019e-01  1.726742628169724e-09  0.000000000000000e+00  0.000000000000000e+00  0.000000000000000e+00  5.290400692932222e-01  9.999989054623026e-01  5.290400684217267e-01  5.290400675502313e-01
24 1  9.999992386201061e-01  1.797444765794106e-09  0.000000000000000e+00  0.000000000000000e+00  0.000000000000000e+00  5.320796106617195e-01  9.999988578803765e-01  5.320796097498279e-01  5.320796088379365e-01
25 1  9.999992068989219e-01  1.868065630825524e-09  0.000000000000000e+00  0.000000000000000e+00  0.000000000000000e+00  5.352686350154017e-01  9.999988102986188e-01  5.352686340625534e-01  5.352686331097052e-01
26 1  9.999991751776869e-01  1.938700570502792e-09  0.000000000000000e+00  0.000000000000000e+00  0.000000000000000e+00  5.386071421740607e-01  9.999987627167856e-01  5.386071411796221e-01  5.386071401851834e-01
27 1  9.999991434563218e-01  2.009345829238328e-09  0.000000000000000e+00  0.000000000000000e+00  0.000000000000000e+00  5.420951326833022e-01  9.999987151347579e-01  5.420951316466166e-01  5.420951306099311e-01
28 1  9.999991117350172e-01  2.075535601457009e-09  0.000000000000000e+00  0.000000000000000e+00  0.000000000000000e+00  5.585072700704987e-01  9.999986675528217e-01  5.585072689706291e-01  5.585072678707594e-01
29 1  9.999990800138850e-01  2.146000392887154e-09  0.000000000000000e+00  0.000000000000000e+00  0.000000000000000e+00  5.622942271346772e-01  9.999986199711451e-01  5.622942259905829e-01  5.622942248464887e-01
30 1  9.999990482926755e-01  2.216485715456759e-09  0.000000000000000e+00  0.000000000000000e+00  0.000000000000000e+00  5.673351809429616e-01  9.999985723893531e-01  5.673351797518521e-01  5.673351785607423e-01
