# ******************************************************
# PLUTO 4.4-patch2 Grid File
# Generated on  Wed Oct 15 15:03:32 2025
# 
# DIMENSIONS: 2
# GEOMETRY:   POLAR
# X1: [ 0.700000,  1.500000], 300 point(s), 2 ghosts
# X2: [ 0.000000,  6.283185], 720 point(s), 2 ghosts
# ******************************************************
300 
 1   7.000000000000e-01    7.017805875923e-01
 2   7.017805875923e-01    7.035657044592e-01
 3   7.035657044592e-01    7.053553621217e-01
 4   7.053553621217e-01    7.071495721302e-01
 5   7.071495721302e-01    7.089483460646e-01
 6   7.089483460646e-01    7.107516955340e-01
 7   7.107516955340e-01    7.125596321773e-01
 8   7.125596321773e-01    7.143721676627e-01
 9   7.143721676627e-01    7.161893136885e-01
 10   7.161893136885e-01    7.180110819824e-01
 11   7.180110819824e-01    7.198374843020e-01
 12   7.198374843020e-01    7.216685324349e-01
 13   7.216685324349e-01    7.235042381986e-01
 14   7.235042381986e-01    7.253446134408e-01
 15   7.253446134408e-01    7.271896700392e-01
 16   7.271896700392e-01    7.290394199017e-01
 17   7.290394199017e-01    7.308938749665e-01
 18   7.308938749665e-01    7.327530472023e-01
 19   7.327530472023e-01    7.346169486082e-01
 20   7.346169486082e-01    7.364855912136e-01
 21   7.364855912136e-01    7.383589870788e-01
 22   7.383589870788e-01    7.402371482946e-01
 23   7.402371482946e-01    7.421200869826e-01
 24   7.421200869826e-01    7.440078152954e-01
 25   7.440078152954e-01    7.459003454161e-01
 26   7.459003454161e-01    7.477976895592e-01
 27   7.477976895592e-01    7.496998599700e-01
 28   7.496998599700e-01    7.516068689252e-01
 29   7.516068689252e-01    7.535187287325e-01
 30   7.535187287325e-01    7.554354517310e-01
 31   7.554354517310e-01    7.573570502912e-01
 32   7.573570502912e-01    7.592835368151e-01
 33   7.592835368151e-01    7.612149237361e-01
 34   7.612149237361e-01    7.631512235194e-01
 35   7.631512235194e-01    7.650924486618e-01
 36   7.650924486618e-01    7.670386116918e-01
 37   7.670386116918e-01    7.689897251701e-01
 38   7.689897251701e-01    7.709458016891e-01
 39   7.709458016891e-01    7.729068538731e-01
 40   7.729068538731e-01    7.748728943789e-01
 41   7.748728943789e-01    7.768439358951e-01
 42   7.768439358951e-01    7.788199911429e-01
 43   7.788199911429e-01    7.808010728756e-01
 44   7.808010728756e-01    7.827871938790e-01
 45   7.827871938790e-01    7.847783669717e-01
 46   7.847783669717e-01    7.867746050045e-01
 47   7.867746050045e-01    7.887759208611e-01
 48   7.887759208611e-01    7.907823274579e-01
 49   7.907823274579e-01    7.927938377444e-01
 50   7.927938377444e-01    7.948104647026e-01
 51   7.948104647026e-01    7.968322213479e-01
 52   7.968322213479e-01    7.988591207286e-01
 53   7.988591207286e-01    8.008911759263e-01
 54   8.008911759263e-01    8.029284000558e-01
 55   8.029284000558e-01    8.049708062653e-01
 56   8.049708062653e-01    8.070184077365e-01
 57   8.070184077365e-01    8.090712176844e-01
 58   8.090712176844e-01    8.111292493580e-01
 59   8.111292493580e-01    8.131925160397e-01
 60   8.131925160397e-01    8.152610310458e-01
 61   8.152610310458e-01    8.173348077263e-01
 62   8.173348077263e-01    8.194138594655e-01
 63   8.194138594655e-01    8.214981996814e-01
 64   8.214981996814e-01    8.235878418263e-01
 65   8.235878418263e-01    8.256827993868e-01
 66   8.256827993868e-01    8.277830858837e-01
 67   8.277830858837e-01    8.298887148720e-01
 68   8.298887148720e-01    8.319996999416e-01
 69   8.319996999416e-01    8.341160547166e-01
 70   8.341160547166e-01    8.362377928561e-01
 71   8.362377928561e-01    8.383649280535e-01
 72   8.383649280535e-01    8.404974740374e-01
 73   8.404974740374e-01    8.426354445712e-01
 74   8.426354445712e-01    8.447788534532e-01
 75   8.447788534532e-01    8.469277145171e-01
 76   8.469277145171e-01    8.490820416315e-01
 77   8.490820416315e-01    8.512418487003e-01
 78   8.512418487003e-01    8.534071496630e-01
 79   8.534071496630e-01    8.555779584943e-01
 80   8.555779584943e-01    8.577542892045e-01
 81   8.577542892045e-01    8.599361558397e-01
 82   8.599361558397e-01    8.621235724815e-01
 83   8.621235724815e-01    8.643165532475e-01
 84   8.643165532475e-01    8.665151122911e-01
 85   8.665151122911e-01    8.687192638019e-01
 86   8.687192638019e-01    8.709290220052e-01
 87   8.709290220052e-01    8.731444011629e-01
 88   8.731444011629e-01    8.753654155729e-01
 89   8.753654155729e-01    8.775920795696e-01
 90   8.775920795696e-01    8.798244075239e-01
 91   8.798244075239e-01    8.820624138431e-01
 92   8.820624138431e-01    8.843061129713e-01
 93   8.843061129713e-01    8.865555193893e-01
 94   8.865555193893e-01    8.888106476146e-01
 95   8.888106476146e-01    8.910715122019e-01
 96   8.910715122019e-01    8.933381277426e-01
 97   8.933381277426e-01    8.956105088654e-01
 98   8.956105088654e-01    8.978886702364e-01
 99   8.978886702364e-01    9.001726265585e-01
 100   9.001726265585e-01    9.024623925725e-01
 101   9.024623925725e-01    9.047579830564e-01
 102   9.047579830564e-01    9.070594128260e-01
 103   9.070594128260e-01    9.093666967345e-01
 104   9.093666967345e-01    9.116798496732e-01
 105   9.116798496732e-01    9.139988865711e-01
 106   9.139988865711e-01    9.163238223951e-01
 107   9.163238223951e-01    9.186546721504e-01
 108   9.186546721504e-01    9.209914508802e-01
 109   9.209914508802e-01    9.233341736660e-01
 110   9.233341736660e-01    9.256828556277e-01
 111   9.256828556277e-01    9.280375119236e-01
 112   9.280375119236e-01    9.303981577507e-01
 113   9.303981577507e-01    9.327648083444e-01
 114   9.327648083444e-01    9.351374789791e-01
 115   9.351374789791e-01    9.375161849680e-01
 116   9.375161849680e-01    9.399009416630e-01
 117   9.399009416630e-01    9.422917644555e-01
 118   9.422917644555e-01    9.446886687757e-01
 119   9.446886687757e-01    9.470916700932e-01
 120   9.470916700932e-01    9.495007839168e-01
 121   9.495007839168e-01    9.519160257951e-01
 122   9.519160257951e-01    9.543374113157e-01
 123   9.543374113157e-01    9.567649561064e-01
 124   9.567649561064e-01    9.591986758344e-01
 125   9.591986758344e-01    9.616385862069e-01
 126   9.616385862069e-01    9.640847029711e-01
 127   9.640847029711e-01    9.665370419140e-01
 128   9.665370419140e-01    9.689956188631e-01
 129   9.689956188631e-01    9.714604496859e-01
 130   9.714604496859e-01    9.739315502904e-01
 131   9.739315502904e-01    9.764089366250e-01
 132   9.764089366250e-01    9.788926246787e-01
 133   9.788926246787e-01    9.813826304811e-01
 134   9.813826304811e-01    9.838789701028e-01
 135   9.838789701028e-01    9.863816596549e-01
 136   9.863816596549e-01    9.888907152899e-01
 137   9.888907152899e-01    9.914061532010e-01
 138   9.914061532010e-01    9.939279896230e-01
 139   9.939279896230e-01    9.964562408315e-01
 140   9.964562408315e-01    9.989909231440e-01
 141   9.989909231440e-01    1.001532052919e+00
 142   1.001532052919e+00    1.004079646557e+00
 143   1.004079646557e+00    1.006633720501e+00
 144   1.006633720501e+00    1.009194291233e+00
 145   1.009194291233e+00    1.011761375281e+00
 146   1.011761375281e+00    1.014334989211e+00
 147   1.014334989211e+00    1.016915149634e+00
 148   1.016915149634e+00    1.019501873203e+00
 149   1.019501873203e+00    1.022095176611e+00
 150   1.022095176611e+00    1.024695076596e+00
 151   1.024695076596e+00    1.027301589938e+00
 152   1.027301589938e+00    1.029914733459e+00
 153   1.029914733459e+00    1.032534524024e+00
 154   1.032534524024e+00    1.035160978541e+00
 155   1.035160978541e+00    1.037794113962e+00
 156   1.037794113962e+00    1.040433947280e+00
 157   1.040433947280e+00    1.043080495533e+00
 158   1.043080495533e+00    1.045733775802e+00
 159   1.045733775802e+00    1.048393805210e+00
 160   1.048393805210e+00    1.051060600927e+00
 161   1.051060600927e+00    1.053734180162e+00
 162   1.053734180162e+00    1.056414560172e+00
 163   1.056414560172e+00    1.059101758255e+00
 164   1.059101758255e+00    1.061795791755e+00
 165   1.061795791755e+00    1.064496678058e+00
 166   1.064496678058e+00    1.067204434597e+00
 167   1.067204434597e+00    1.069919078846e+00
 168   1.069919078846e+00    1.072640628327e+00
 169   1.072640628327e+00    1.075369100604e+00
 170   1.075369100604e+00    1.078104513286e+00
 171   1.078104513286e+00    1.080846884029e+00
 172   1.080846884029e+00    1.083596230530e+00
 173   1.083596230530e+00    1.086352570534e+00
 174   1.086352570534e+00    1.089115921832e+00
 175   1.089115921832e+00    1.091886302256e+00
 176   1.091886302256e+00    1.094663729687e+00
 177   1.094663729687e+00    1.097448222051e+00
 178   1.097448222051e+00    1.100239797319e+00
 179   1.100239797319e+00    1.103038473507e+00
 180   1.103038473507e+00    1.105844268678e+00
 181   1.105844268678e+00    1.108657200941e+00
 182   1.108657200941e+00    1.111477288450e+00
 183   1.111477288450e+00    1.114304549405e+00
 184   1.114304549405e+00    1.117139002055e+00
 185   1.117139002055e+00    1.119980664692e+00
 186   1.119980664692e+00    1.122829555657e+00
 187   1.122829555657e+00    1.125685693335e+00
 188   1.125685693335e+00    1.128549096162e+00
 189   1.128549096162e+00    1.131419782616e+00
 190   1.131419782616e+00    1.134297771225e+00
 191   1.134297771225e+00    1.137183080565e+00
 192   1.137183080565e+00    1.140075729255e+00
 193   1.140075729255e+00    1.142975735966e+00
 194   1.142975735966e+00    1.145883119415e+00
 195   1.145883119415e+00    1.148797898364e+00
 196   1.148797898364e+00    1.151720091627e+00
 197   1.151720091627e+00    1.154649718063e+00
 198   1.154649718063e+00    1.157586796579e+00
 199   1.157586796579e+00    1.160531346132e+00
 200   1.160531346132e+00    1.163483385725e+00
 201   1.163483385725e+00    1.166442934412e+00
 202   1.166442934412e+00    1.169410011292e+00
 203   1.169410011292e+00    1.172384635515e+00
 204   1.172384635515e+00    1.175366826280e+00
 205   1.175366826280e+00    1.178356602834e+00
 206   1.178356602834e+00    1.181353984471e+00
 207   1.181353984471e+00    1.184358990538e+00
 208   1.184358990538e+00    1.187371640429e+00
 209   1.187371640429e+00    1.190391953587e+00
 210   1.190391953587e+00    1.193419949504e+00
 211   1.193419949504e+00    1.196455647725e+00
 212   1.196455647725e+00    1.199499067841e+00
 213   1.199499067841e+00    1.202550229494e+00
 214   1.202550229494e+00    1.205609152377e+00
 215   1.205609152377e+00    1.208675856231e+00
 216   1.208675856231e+00    1.211750360849e+00
 217   1.211750360849e+00    1.214832686074e+00
 218   1.214832686074e+00    1.217922851799e+00
 219   1.217922851799e+00    1.221020877968e+00
 220   1.221020877968e+00    1.224126784576e+00
 221   1.224126784576e+00    1.227240591667e+00
 222   1.227240591667e+00    1.230362319339e+00
 223   1.230362319339e+00    1.233491987739e+00
 224   1.233491987739e+00    1.236629617066e+00
 225   1.236629617066e+00    1.239775227569e+00
 226   1.239775227569e+00    1.242928839551e+00
 227   1.242928839551e+00    1.246090473365e+00
 228   1.246090473365e+00    1.249260149416e+00
 229   1.249260149416e+00    1.252437888162e+00
 230   1.252437888162e+00    1.255623710110e+00
 231   1.255623710110e+00    1.258817635822e+00
 232   1.258817635822e+00    1.262019685913e+00
 233   1.262019685913e+00    1.265229881047e+00
 234   1.265229881047e+00    1.268448241944e+00
 235   1.268448241944e+00    1.271674789374e+00
 236   1.271674789374e+00    1.274909544162e+00
 237   1.274909544162e+00    1.278152527184e+00
 238   1.278152527184e+00    1.281403759371e+00
 239   1.281403759371e+00    1.284663261707e+00
 240   1.284663261707e+00    1.287931055227e+00
 241   1.287931055227e+00    1.291207161022e+00
 242   1.291207161022e+00    1.294491600236e+00
 243   1.294491600236e+00    1.297784394067e+00
 244   1.297784394067e+00    1.301085563767e+00
 245   1.301085563767e+00    1.304395130640e+00
 246   1.304395130640e+00    1.307713116048e+00
 247   1.307713116048e+00    1.311039541403e+00
 248   1.311039541403e+00    1.314374428175e+00
 249   1.314374428175e+00    1.317717797887e+00
 250   1.317717797887e+00    1.321069672117e+00
 251   1.321069672117e+00    1.324430072498e+00
 252   1.324430072498e+00    1.327799020718e+00
 253   1.327799020718e+00    1.331176538520e+00
 254   1.331176538520e+00    1.334562647703e+00
 255   1.334562647703e+00    1.337957370119e+00
 256   1.337957370119e+00    1.341360727680e+00
 257   1.341360727680e+00    1.344772742349e+00
 258   1.344772742349e+00    1.348193436148e+00
 259   1.348193436148e+00    1.351622831155e+00
 260   1.351622831155e+00    1.355060949501e+00
 261   1.355060949501e+00    1.358507813378e+00
 262   1.358507813378e+00    1.361963445030e+00
 263   1.361963445030e+00    1.365427866761e+00
 264   1.365427866761e+00    1.368901100929e+00
 265   1.368901100929e+00    1.372383169951e+00
 266   1.372383169951e+00    1.375874096300e+00
 267   1.375874096300e+00    1.379373902506e+00
 268   1.379373902506e+00    1.382882611158e+00
 269   1.382882611158e+00    1.386400244899e+00
 270   1.386400244899e+00    1.389926826434e+00
 271   1.389926826434e+00    1.393462378521e+00
 272   1.393462378521e+00    1.397006923981e+00
 273   1.397006923981e+00    1.400560485688e+00
 274   1.400560485688e+00    1.404123086578e+00
 275   1.404123086578e+00    1.407694749644e+00
 276   1.407694749644e+00    1.411275497937e+00
 277   1.411275497937e+00    1.414865354567e+00
 278   1.414865354567e+00    1.418464342703e+00
 279   1.418464342703e+00    1.422072485573e+00
 280   1.422072485573e+00    1.425689806463e+00
 281   1.425689806463e+00    1.429316328720e+00
 282   1.429316328720e+00    1.432952075749e+00
 283   1.432952075749e+00    1.436597071015e+00
 284   1.436597071015e+00    1.440251338044e+00
 285   1.440251338044e+00    1.443914900418e+00
 286   1.443914900418e+00    1.447587781784e+00
 287   1.447587781784e+00    1.451270005846e+00
 288   1.451270005846e+00    1.454961596368e+00
 289   1.454961596368e+00    1.458662577176e+00
 290   1.458662577176e+00    1.462372972157e+00
 291   1.462372972157e+00    1.466092805256e+00
 292   1.466092805256e+00    1.469822100482e+00
 293   1.469822100482e+00    1.473560881904e+00
 294   1.473560881904e+00    1.477309173650e+00
 295   1.477309173650e+00    1.481066999914e+00
 296   1.481066999914e+00    1.484834384948e+00
 297   1.484834384948e+00    1.488611353066e+00
 298   1.488611353066e+00    1.492397928644e+00
 299   1.492397928644e+00    1.496194136122e+00
 300   1.496194136122e+00    1.500000000000e+00
720 
 1   0.000000000000e+00    8.726646259722e-03
 2   8.726646259722e-03    1.745329251944e-02
 3   1.745329251944e-02    2.617993877917e-02
 4   2.617993877917e-02    3.490658503889e-02
 5   3.490658503889e-02    4.363323129861e-02
 6   4.363323129861e-02    5.235987755833e-02
 7   5.235987755833e-02    6.108652381806e-02
 8   6.108652381806e-02    6.981317007778e-02
 9   6.981317007778e-02    7.853981633750e-02
 10   7.853981633750e-02    8.726646259722e-02
 11   8.726646259722e-02    9.599310885694e-02
 12   9.599310885694e-02    1.047197551167e-01
 13   1.047197551167e-01    1.134464013764e-01
 14   1.134464013764e-01    1.221730476361e-01
 15   1.221730476361e-01    1.308996938958e-01
 16   1.308996938958e-01    1.396263401556e-01
 17   1.396263401556e-01    1.483529864153e-01
 18   1.483529864153e-01    1.570796326750e-01
 19   1.570796326750e-01    1.658062789347e-01
 20   1.658062789347e-01    1.745329251944e-01
 21   1.745329251944e-01    1.832595714542e-01
 22   1.832595714542e-01    1.919862177139e-01
 23   1.919862177139e-01    2.007128639736e-01
 24   2.007128639736e-01    2.094395102333e-01
 25   2.094395102333e-01    2.181661564931e-01
 26   2.181661564931e-01    2.268928027528e-01
 27   2.268928027528e-01    2.356194490125e-01
 28   2.356194490125e-01    2.443460952722e-01
 29   2.443460952722e-01    2.530727415319e-01
 30   2.530727415319e-01    2.617993877917e-01
 31   2.617993877917e-01    2.705260340514e-01
 32   2.705260340514e-01    2.792526803111e-01
 33   2.792526803111e-01    2.879793265708e-01
 34   2.879793265708e-01    2.967059728306e-01
 35   2.967059728306e-01    3.054326190903e-01
 36   3.054326190903e-01    3.141592653500e-01
 37   3.141592653500e-01    3.228859116097e-01
 38   3.228859116097e-01    3.316125578694e-01
 39   3.316125578694e-01    3.403392041292e-01
 40   3.403392041292e-01    3.490658503889e-01
 41   3.490658503889e-01    3.577924966486e-01
 42   3.577924966486e-01    3.665191429083e-01
 43   3.665191429083e-01    3.752457891681e-01
 44   3.752457891681e-01    3.839724354278e-01
 45   3.839724354278e-01    3.926990816875e-01
 46   3.926990816875e-01    4.014257279472e-01
 47   4.014257279472e-01    4.101523742069e-01
 48   4.101523742069e-01    4.188790204667e-01
 49   4.188790204667e-01    4.276056667264e-01
 50   4.276056667264e-01    4.363323129861e-01
 51   4.363323129861e-01    4.450589592458e-01
 52   4.450589592458e-01    4.537856055056e-01
 53   4.537856055056e-01    4.625122517653e-01
 54   4.625122517653e-01    4.712388980250e-01
 55   4.712388980250e-01    4.799655442847e-01
 56   4.799655442847e-01    4.886921905444e-01
 57   4.886921905444e-01    4.974188368042e-01
 58   4.974188368042e-01    5.061454830639e-01
 59   5.061454830639e-01    5.148721293236e-01
 60   5.148721293236e-01    5.235987755833e-01
 61   5.235987755833e-01    5.323254218431e-01
 62   5.323254218431e-01    5.410520681028e-01
 63   5.410520681028e-01    5.497787143625e-01
 64   5.497787143625e-01    5.585053606222e-01
 65   5.585053606222e-01    5.672320068819e-01
 66   5.672320068819e-01    5.759586531417e-01
 67   5.759586531417e-01    5.846852994014e-01
 68   5.846852994014e-01    5.934119456611e-01
 69   5.934119456611e-01    6.021385919208e-01
 70   6.021385919208e-01    6.108652381806e-01
 71   6.108652381806e-01    6.195918844403e-01
 72   6.195918844403e-01    6.283185307000e-01
 73   6.283185307000e-01    6.370451769597e-01
 74   6.370451769597e-01    6.457718232194e-01
 75   6.457718232194e-01    6.544984694792e-01
 76   6.544984694792e-01    6.632251157389e-01
 77   6.632251157389e-01    6.719517619986e-01
 78   6.719517619986e-01    6.806784082583e-01
 79   6.806784082583e-01    6.894050545181e-01
 80   6.894050545181e-01    6.981317007778e-01
 81   6.981317007778e-01    7.068583470375e-01
 82   7.068583470375e-01    7.155849932972e-01
 83   7.155849932972e-01    7.243116395569e-01
 84   7.243116395569e-01    7.330382858167e-01
 85   7.330382858167e-01    7.417649320764e-01
 86   7.417649320764e-01    7.504915783361e-01
 87   7.504915783361e-01    7.592182245958e-01
 88   7.592182245958e-01    7.679448708556e-01
 89   7.679448708556e-01    7.766715171153e-01
 90   7.766715171153e-01    7.853981633750e-01
 91   7.853981633750e-01    7.941248096347e-01
 92   7.941248096347e-01    8.028514558944e-01
 93   8.028514558944e-01    8.115781021542e-01
 94   8.115781021542e-01    8.203047484139e-01
 95   8.203047484139e-01    8.290313946736e-01
 96   8.290313946736e-01    8.377580409333e-01
 97   8.377580409333e-01    8.464846871931e-01
 98   8.464846871931e-01    8.552113334528e-01
 99   8.552113334528e-01    8.639379797125e-01
 100   8.639379797125e-01    8.726646259722e-01
 101   8.726646259722e-01    8.813912722319e-01
 102   8.813912722319e-01    8.901179184917e-01
 103   8.901179184917e-01    8.988445647514e-01
 104   8.988445647514e-01    9.075712110111e-01
 105   9.075712110111e-01    9.162978572708e-01
 106   9.162978572708e-01    9.250245035306e-01
 107   9.250245035306e-01    9.337511497903e-01
 108   9.337511497903e-01    9.424777960500e-01
 109   9.424777960500e-01    9.512044423097e-01
 110   9.512044423097e-01    9.599310885694e-01
 111   9.599310885694e-01    9.686577348292e-01
 112   9.686577348292e-01    9.773843810889e-01
 113   9.773843810889e-01    9.861110273486e-01
 114   9.861110273486e-01    9.948376736083e-01
 115   9.948376736083e-01    1.003564319868e+00
 116   1.003564319868e+00    1.012290966128e+00
 117   1.012290966128e+00    1.021017612387e+00
 118   1.021017612388e+00    1.029744258647e+00
 119   1.029744258647e+00    1.038470904907e+00
 120   1.038470904907e+00    1.047197551167e+00
 121   1.047197551167e+00    1.055924197426e+00
 122   1.055924197426e+00    1.064650843686e+00
 123   1.064650843686e+00    1.073377489946e+00
 124   1.073377489946e+00    1.082104136206e+00
 125   1.082104136206e+00    1.090830782465e+00
 126   1.090830782465e+00    1.099557428725e+00
 127   1.099557428725e+00    1.108284074985e+00
 128   1.108284074985e+00    1.117010721244e+00
 129   1.117010721244e+00    1.125737367504e+00
 130   1.125737367504e+00    1.134464013764e+00
 131   1.134464013764e+00    1.143190660024e+00
 132   1.143190660024e+00    1.151917306283e+00
 133   1.151917306283e+00    1.160643952543e+00
 134   1.160643952543e+00    1.169370598803e+00
 135   1.169370598803e+00    1.178097245063e+00
 136   1.178097245063e+00    1.186823891322e+00
 137   1.186823891322e+00    1.195550537582e+00
 138   1.195550537582e+00    1.204277183842e+00
 139   1.204277183842e+00    1.213003830101e+00
 140   1.213003830101e+00    1.221730476361e+00
 141   1.221730476361e+00    1.230457122621e+00
 142   1.230457122621e+00    1.239183768881e+00
 143   1.239183768881e+00    1.247910415140e+00
 144   1.247910415140e+00    1.256637061400e+00
 145   1.256637061400e+00    1.265363707660e+00
 146   1.265363707660e+00    1.274090353919e+00
 147   1.274090353919e+00    1.282817000179e+00
 148   1.282817000179e+00    1.291543646439e+00
 149   1.291543646439e+00    1.300270292699e+00
 150   1.300270292699e+00    1.308996938958e+00
 151   1.308996938958e+00    1.317723585218e+00
 152   1.317723585218e+00    1.326450231478e+00
 153   1.326450231478e+00    1.335176877737e+00
 154   1.335176877737e+00    1.343903523997e+00
 155   1.343903523997e+00    1.352630170257e+00
 156   1.352630170257e+00    1.361356816517e+00
 157   1.361356816517e+00    1.370083462776e+00
 158   1.370083462776e+00    1.378810109036e+00
 159   1.378810109036e+00    1.387536755296e+00
 160   1.387536755296e+00    1.396263401556e+00
 161   1.396263401556e+00    1.404990047815e+00
 162   1.404990047815e+00    1.413716694075e+00
 163   1.413716694075e+00    1.422443340335e+00
 164   1.422443340335e+00    1.431169986594e+00
 165   1.431169986594e+00    1.439896632854e+00
 166   1.439896632854e+00    1.448623279114e+00
 167   1.448623279114e+00    1.457349925374e+00
 168   1.457349925374e+00    1.466076571633e+00
 169   1.466076571633e+00    1.474803217893e+00
 170   1.474803217893e+00    1.483529864153e+00
 171   1.483529864153e+00    1.492256510413e+00
 172   1.492256510413e+00    1.500983156672e+00
 173   1.500983156672e+00    1.509709802932e+00
 174   1.509709802932e+00    1.518436449192e+00
 175   1.518436449192e+00    1.527163095451e+00
 176   1.527163095451e+00    1.535889741711e+00
 177   1.535889741711e+00    1.544616387971e+00
 178   1.544616387971e+00    1.553343034231e+00
 179   1.553343034231e+00    1.562069680490e+00
 180   1.562069680490e+00    1.570796326750e+00
 181   1.570796326750e+00    1.579522973010e+00
 182   1.579522973010e+00    1.588249619269e+00
 183   1.588249619269e+00    1.596976265529e+00
 184   1.596976265529e+00    1.605702911789e+00
 185   1.605702911789e+00    1.614429558049e+00
 186   1.614429558049e+00    1.623156204308e+00
 187   1.623156204308e+00    1.631882850568e+00
 188   1.631882850568e+00    1.640609496828e+00
 189   1.640609496828e+00    1.649336143087e+00
 190   1.649336143087e+00    1.658062789347e+00
 191   1.658062789347e+00    1.666789435607e+00
 192   1.666789435607e+00    1.675516081867e+00
 193   1.675516081867e+00    1.684242728126e+00
 194   1.684242728126e+00    1.692969374386e+00
 195   1.692969374386e+00    1.701696020646e+00
 196   1.701696020646e+00    1.710422666906e+00
 197   1.710422666906e+00    1.719149313165e+00
 198   1.719149313165e+00    1.727875959425e+00
 199   1.727875959425e+00    1.736602605685e+00
 200   1.736602605685e+00    1.745329251944e+00
 201   1.745329251944e+00    1.754055898204e+00
 202   1.754055898204e+00    1.762782544464e+00
 203   1.762782544464e+00    1.771509190724e+00
 204   1.771509190724e+00    1.780235836983e+00
 205   1.780235836983e+00    1.788962483243e+00
 206   1.788962483243e+00    1.797689129503e+00
 207   1.797689129503e+00    1.806415775762e+00
 208   1.806415775762e+00    1.815142422022e+00
 209   1.815142422022e+00    1.823869068282e+00
 210   1.823869068282e+00    1.832595714542e+00
 211   1.832595714542e+00    1.841322360801e+00
 212   1.841322360801e+00    1.850049007061e+00
 213   1.850049007061e+00    1.858775653321e+00
 214   1.858775653321e+00    1.867502299581e+00
 215   1.867502299581e+00    1.876228945840e+00
 216   1.876228945840e+00    1.884955592100e+00
 217   1.884955592100e+00    1.893682238360e+00
 218   1.893682238360e+00    1.902408884619e+00
 219   1.902408884619e+00    1.911135530879e+00
 220   1.911135530879e+00    1.919862177139e+00
 221   1.919862177139e+00    1.928588823399e+00
 222   1.928588823399e+00    1.937315469658e+00
 223   1.937315469658e+00    1.946042115918e+00
 224   1.946042115918e+00    1.954768762178e+00
 225   1.954768762178e+00    1.963495408438e+00
 226   1.963495408438e+00    1.972222054697e+00
 227   1.972222054697e+00    1.980948700957e+00
 228   1.980948700957e+00    1.989675347217e+00
 229   1.989675347217e+00    1.998401993476e+00
 230   1.998401993476e+00    2.007128639736e+00
 231   2.007128639736e+00    2.015855285996e+00
 232   2.015855285996e+00    2.024581932256e+00
 233   2.024581932256e+00    2.033308578515e+00
 234   2.033308578515e+00    2.042035224775e+00
 235   2.042035224775e+00    2.050761871035e+00
 236   2.050761871035e+00    2.059488517294e+00
 237   2.059488517294e+00    2.068215163554e+00
 238   2.068215163554e+00    2.076941809814e+00
 239   2.076941809814e+00    2.085668456074e+00
 240   2.085668456074e+00    2.094395102333e+00
 241   2.094395102333e+00    2.103121748593e+00
 242   2.103121748593e+00    2.111848394853e+00
 243   2.111848394853e+00    2.120575041113e+00
 244   2.120575041113e+00    2.129301687372e+00
 245   2.129301687372e+00    2.138028333632e+00
 246   2.138028333632e+00    2.146754979892e+00
 247   2.146754979892e+00    2.155481626151e+00
 248   2.155481626151e+00    2.164208272411e+00
 249   2.164208272411e+00    2.172934918671e+00
 250   2.172934918671e+00    2.181661564931e+00
 251   2.181661564931e+00    2.190388211190e+00
 252   2.190388211190e+00    2.199114857450e+00
 253   2.199114857450e+00    2.207841503710e+00
 254   2.207841503710e+00    2.216568149969e+00
 255   2.216568149969e+00    2.225294796229e+00
 256   2.225294796229e+00    2.234021442489e+00
 257   2.234021442489e+00    2.242748088749e+00
 258   2.242748088749e+00    2.251474735008e+00
 259   2.251474735008e+00    2.260201381268e+00
 260   2.260201381268e+00    2.268928027528e+00
 261   2.268928027528e+00    2.277654673788e+00
 262   2.277654673788e+00    2.286381320047e+00
 263   2.286381320047e+00    2.295107966307e+00
 264   2.295107966307e+00    2.303834612567e+00
 265   2.303834612567e+00    2.312561258826e+00
 266   2.312561258826e+00    2.321287905086e+00
 267   2.321287905086e+00    2.330014551346e+00
 268   2.330014551346e+00    2.338741197606e+00
 269   2.338741197606e+00    2.347467843865e+00
 270   2.347467843865e+00    2.356194490125e+00
 271   2.356194490125e+00    2.364921136385e+00
 272   2.364921136385e+00    2.373647782644e+00
 273   2.373647782644e+00    2.382374428904e+00
 274   2.382374428904e+00    2.391101075164e+00
 275   2.391101075164e+00    2.399827721424e+00
 276   2.399827721424e+00    2.408554367683e+00
 277   2.408554367683e+00    2.417281013943e+00
 278   2.417281013943e+00    2.426007660203e+00
 279   2.426007660203e+00    2.434734306462e+00
 280   2.434734306462e+00    2.443460952722e+00
 281   2.443460952722e+00    2.452187598982e+00
 282   2.452187598982e+00    2.460914245242e+00
 283   2.460914245242e+00    2.469640891501e+00
 284   2.469640891501e+00    2.478367537761e+00
 285   2.478367537761e+00    2.487094184021e+00
 286   2.487094184021e+00    2.495820830281e+00
 287   2.495820830281e+00    2.504547476540e+00
 288   2.504547476540e+00    2.513274122800e+00
 289   2.513274122800e+00    2.522000769060e+00
 290   2.522000769060e+00    2.530727415319e+00
 291   2.530727415319e+00    2.539454061579e+00
 292   2.539454061579e+00    2.548180707839e+00
 293   2.548180707839e+00    2.556907354099e+00
 294   2.556907354099e+00    2.565634000358e+00
 295   2.565634000358e+00    2.574360646618e+00
 296   2.574360646618e+00    2.583087292878e+00
 297   2.583087292878e+00    2.591813939138e+00
 298   2.591813939137e+00    2.600540585397e+00
 299   2.600540585397e+00    2.609267231657e+00
 300   2.609267231657e+00    2.617993877917e+00
 301   2.617993877917e+00    2.626720524176e+00
 302   2.626720524176e+00    2.635447170436e+00
 303   2.635447170436e+00    2.644173816696e+00
 304   2.644173816696e+00    2.652900462956e+00
 305   2.652900462956e+00    2.661627109215e+00
 306   2.661627109215e+00    2.670353755475e+00
 307   2.670353755475e+00    2.679080401735e+00
 308   2.679080401735e+00    2.687807047994e+00
 309   2.687807047994e+00    2.696533694254e+00
 310   2.696533694254e+00    2.705260340514e+00
 311   2.705260340514e+00    2.713986986774e+00
 312   2.713986986774e+00    2.722713633033e+00
 313   2.722713633033e+00    2.731440279293e+00
 314   2.731440279293e+00    2.740166925553e+00
 315   2.740166925553e+00    2.748893571813e+00
 316   2.748893571812e+00    2.757620218072e+00
 317   2.757620218072e+00    2.766346864332e+00
 318   2.766346864332e+00    2.775073510592e+00
 319   2.775073510592e+00    2.783800156851e+00
 320   2.783800156851e+00    2.792526803111e+00
 321   2.792526803111e+00    2.801253449371e+00
 322   2.801253449371e+00    2.809980095631e+00
 323   2.809980095631e+00    2.818706741890e+00
 324   2.818706741890e+00    2.827433388150e+00
 325   2.827433388150e+00    2.836160034410e+00
 326   2.836160034410e+00    2.844886680669e+00
 327   2.844886680669e+00    2.853613326929e+00
 328   2.853613326929e+00    2.862339973189e+00
 329   2.862339973189e+00    2.871066619449e+00
 330   2.871066619449e+00    2.879793265708e+00
 331   2.879793265708e+00    2.888519911968e+00
 332   2.888519911968e+00    2.897246558228e+00
 333   2.897246558228e+00    2.905973204488e+00
 334   2.905973204488e+00    2.914699850747e+00
 335   2.914699850747e+00    2.923426497007e+00
 336   2.923426497007e+00    2.932153143267e+00
 337   2.932153143267e+00    2.940879789526e+00
 338   2.940879789526e+00    2.949606435786e+00
 339   2.949606435786e+00    2.958333082046e+00
 340   2.958333082046e+00    2.967059728306e+00
 341   2.967059728306e+00    2.975786374565e+00
 342   2.975786374565e+00    2.984513020825e+00
 343   2.984513020825e+00    2.993239667085e+00
 344   2.993239667085e+00    3.001966313344e+00
 345   3.001966313344e+00    3.010692959604e+00
 346   3.010692959604e+00    3.019419605864e+00
 347   3.019419605864e+00    3.028146252124e+00
 348   3.028146252124e+00    3.036872898383e+00
 349   3.036872898383e+00    3.045599544643e+00
 350   3.045599544643e+00    3.054326190903e+00
 351   3.054326190903e+00    3.063052837163e+00
 352   3.063052837163e+00    3.071779483422e+00
 353   3.071779483422e+00    3.080506129682e+00
 354   3.080506129682e+00    3.089232775942e+00
 355   3.089232775942e+00    3.097959422201e+00
 356   3.097959422201e+00    3.106686068461e+00
 357   3.106686068461e+00    3.115412714721e+00
 358   3.115412714721e+00    3.124139360981e+00
 359   3.124139360981e+00    3.132866007240e+00
 360   3.132866007240e+00    3.141592653500e+00
 361   3.141592653500e+00    3.150319299760e+00
 362   3.150319299760e+00    3.159045946019e+00
 363   3.159045946019e+00    3.167772592279e+00
 364   3.167772592279e+00    3.176499238539e+00
 365   3.176499238539e+00    3.185225884799e+00
 366   3.185225884799e+00    3.193952531058e+00
 367   3.193952531058e+00    3.202679177318e+00
 368   3.202679177318e+00    3.211405823578e+00
 369   3.211405823578e+00    3.220132469838e+00
 370   3.220132469838e+00    3.228859116097e+00
 371   3.228859116097e+00    3.237585762357e+00
 372   3.237585762357e+00    3.246312408617e+00
 373   3.246312408617e+00    3.255039054876e+00
 374   3.255039054876e+00    3.263765701136e+00
 375   3.263765701136e+00    3.272492347396e+00
 376   3.272492347396e+00    3.281218993656e+00
 377   3.281218993656e+00    3.289945639915e+00
 378   3.289945639915e+00    3.298672286175e+00
 379   3.298672286175e+00    3.307398932435e+00
 380   3.307398932435e+00    3.316125578694e+00
 381   3.316125578694e+00    3.324852224954e+00
 382   3.324852224954e+00    3.333578871214e+00
 383   3.333578871214e+00    3.342305517474e+00
 384   3.342305517474e+00    3.351032163733e+00
 385   3.351032163733e+00    3.359758809993e+00
 386   3.359758809993e+00    3.368485456253e+00
 387   3.368485456253e+00    3.377212102513e+00
 388   3.377212102512e+00    3.385938748772e+00
 389   3.385938748772e+00    3.394665395032e+00
 390   3.394665395032e+00    3.403392041292e+00
 391   3.403392041292e+00    3.412118687551e+00
 392   3.412118687551e+00    3.420845333811e+00
 393   3.420845333811e+00    3.429571980071e+00
 394   3.429571980071e+00    3.438298626331e+00
 395   3.438298626331e+00    3.447025272590e+00
 396   3.447025272590e+00    3.455751918850e+00
 397   3.455751918850e+00    3.464478565110e+00
 398   3.464478565110e+00    3.473205211369e+00
 399   3.473205211369e+00    3.481931857629e+00
 400   3.481931857629e+00    3.490658503889e+00
 401   3.490658503889e+00    3.499385150149e+00
 402   3.499385150149e+00    3.508111796408e+00
 403   3.508111796408e+00    3.516838442668e+00
 404   3.516838442668e+00    3.525565088928e+00
 405   3.525565088928e+00    3.534291735188e+00
 406   3.534291735187e+00    3.543018381447e+00
 407   3.543018381447e+00    3.551745027707e+00
 408   3.551745027707e+00    3.560471673967e+00
 409   3.560471673967e+00    3.569198320226e+00
 410   3.569198320226e+00    3.577924966486e+00
 411   3.577924966486e+00    3.586651612746e+00
 412   3.586651612746e+00    3.595378259006e+00
 413   3.595378259006e+00    3.604104905265e+00
 414   3.604104905265e+00    3.612831551525e+00
 415   3.612831551525e+00    3.621558197785e+00
 416   3.621558197785e+00    3.630284844044e+00
 417   3.630284844044e+00    3.639011490304e+00
 418   3.639011490304e+00    3.647738136564e+00
 419   3.647738136564e+00    3.656464782824e+00
 420   3.656464782824e+00    3.665191429083e+00
 421   3.665191429083e+00    3.673918075343e+00
 422   3.673918075343e+00    3.682644721603e+00
 423   3.682644721603e+00    3.691371367863e+00
 424   3.691371367863e+00    3.700098014122e+00
 425   3.700098014122e+00    3.708824660382e+00
 426   3.708824660382e+00    3.717551306642e+00
 427   3.717551306642e+00    3.726277952901e+00
 428   3.726277952901e+00    3.735004599161e+00
 429   3.735004599161e+00    3.743731245421e+00
 430   3.743731245421e+00    3.752457891681e+00
 431   3.752457891681e+00    3.761184537940e+00
 432   3.761184537940e+00    3.769911184200e+00
 433   3.769911184200e+00    3.778637830460e+00
 434   3.778637830460e+00    3.787364476719e+00
 435   3.787364476719e+00    3.796091122979e+00
 436   3.796091122979e+00    3.804817769239e+00
 437   3.804817769239e+00    3.813544415499e+00
 438   3.813544415499e+00    3.822271061758e+00
 439   3.822271061758e+00    3.830997708018e+00
 440   3.830997708018e+00    3.839724354278e+00
 441   3.839724354278e+00    3.848451000538e+00
 442   3.848451000538e+00    3.857177646797e+00
 443   3.857177646797e+00    3.865904293057e+00
 444   3.865904293057e+00    3.874630939317e+00
 445   3.874630939317e+00    3.883357585576e+00
 446   3.883357585576e+00    3.892084231836e+00
 447   3.892084231836e+00    3.900810878096e+00
 448   3.900810878096e+00    3.909537524356e+00
 449   3.909537524356e+00    3.918264170615e+00
 450   3.918264170615e+00    3.926990816875e+00
 451   3.926990816875e+00    3.935717463135e+00
 452   3.935717463135e+00    3.944444109394e+00
 453   3.944444109394e+00    3.953170755654e+00
 454   3.953170755654e+00    3.961897401914e+00
 455   3.961897401914e+00    3.970624048174e+00
 456   3.970624048174e+00    3.979350694433e+00
 457   3.979350694433e+00    3.988077340693e+00
 458   3.988077340693e+00    3.996803986953e+00
 459   3.996803986953e+00    4.005530633212e+00
 460   4.005530633212e+00    4.014257279472e+00
 461   4.014257279472e+00    4.022983925732e+00
 462   4.022983925732e+00    4.031710571992e+00
 463   4.031710571992e+00    4.040437218251e+00
 464   4.040437218251e+00    4.049163864511e+00
 465   4.049163864511e+00    4.057890510771e+00
 466   4.057890510771e+00    4.066617157031e+00
 467   4.066617157031e+00    4.075343803290e+00
 468   4.075343803290e+00    4.084070449550e+00
 469   4.084070449550e+00    4.092797095810e+00
 470   4.092797095810e+00    4.101523742069e+00
 471   4.101523742069e+00    4.110250388329e+00
 472   4.110250388329e+00    4.118977034589e+00
 473   4.118977034589e+00    4.127703680849e+00
 474   4.127703680849e+00    4.136430327108e+00
 475   4.136430327108e+00    4.145156973368e+00
 476   4.145156973368e+00    4.153883619628e+00
 477   4.153883619628e+00    4.162610265888e+00
 478   4.162610265888e+00    4.171336912147e+00
 479   4.171336912147e+00    4.180063558407e+00
 480   4.180063558407e+00    4.188790204667e+00
 481   4.188790204667e+00    4.197516850926e+00
 482   4.197516850926e+00    4.206243497186e+00
 483   4.206243497186e+00    4.214970143446e+00
 484   4.214970143446e+00    4.223696789706e+00
 485   4.223696789706e+00    4.232423435965e+00
 486   4.232423435965e+00    4.241150082225e+00
 487   4.241150082225e+00    4.249876728485e+00
 488   4.249876728485e+00    4.258603374744e+00
 489   4.258603374744e+00    4.267330021004e+00
 490   4.267330021004e+00    4.276056667264e+00
 491   4.276056667264e+00    4.284783313524e+00
 492   4.284783313524e+00    4.293509959783e+00
 493   4.293509959783e+00    4.302236606043e+00
 494   4.302236606043e+00    4.310963252303e+00
 495   4.310963252303e+00    4.319689898563e+00
 496   4.319689898563e+00    4.328416544822e+00
 497   4.328416544822e+00    4.337143191082e+00
 498   4.337143191082e+00    4.345869837342e+00
 499   4.345869837342e+00    4.354596483601e+00
 500   4.354596483601e+00    4.363323129861e+00
 501   4.363323129861e+00    4.372049776121e+00
 502   4.372049776121e+00    4.380776422381e+00
 503   4.380776422381e+00    4.389503068640e+00
 504   4.389503068640e+00    4.398229714900e+00
 505   4.398229714900e+00    4.406956361160e+00
 506   4.406956361160e+00    4.415683007419e+00
 507   4.415683007419e+00    4.424409653679e+00
 508   4.424409653679e+00    4.433136299939e+00
 509   4.433136299939e+00    4.441862946199e+00
 510   4.441862946199e+00    4.450589592458e+00
 511   4.450589592458e+00    4.459316238718e+00
 512   4.459316238718e+00    4.468042884978e+00
 513   4.468042884978e+00    4.476769531238e+00
 514   4.476769531238e+00    4.485496177497e+00
 515   4.485496177497e+00    4.494222823757e+00
 516   4.494222823757e+00    4.502949470017e+00
 517   4.502949470017e+00    4.511676116276e+00
 518   4.511676116276e+00    4.520402762536e+00
 519   4.520402762536e+00    4.529129408796e+00
 520   4.529129408796e+00    4.537856055056e+00
 521   4.537856055056e+00    4.546582701315e+00
 522   4.546582701315e+00    4.555309347575e+00
 523   4.555309347575e+00    4.564035993835e+00
 524   4.564035993835e+00    4.572762640094e+00
 525   4.572762640094e+00    4.581489286354e+00
 526   4.581489286354e+00    4.590215932614e+00
 527   4.590215932614e+00    4.598942578874e+00
 528   4.598942578874e+00    4.607669225133e+00
 529   4.607669225133e+00    4.616395871393e+00
 530   4.616395871393e+00    4.625122517653e+00
 531   4.625122517653e+00    4.633849163913e+00
 532   4.633849163913e+00    4.642575810172e+00
 533   4.642575810172e+00    4.651302456432e+00
 534   4.651302456432e+00    4.660029102692e+00
 535   4.660029102692e+00    4.668755748951e+00
 536   4.668755748951e+00    4.677482395211e+00
 537   4.677482395211e+00    4.686209041471e+00
 538   4.686209041471e+00    4.694935687731e+00
 539   4.694935687731e+00    4.703662333990e+00
 540   4.703662333990e+00    4.712388980250e+00
 541   4.712388980250e+00    4.721115626510e+00
 542   4.721115626510e+00    4.729842272769e+00
 543   4.729842272769e+00    4.738568919029e+00
 544   4.738568919029e+00    4.747295565289e+00
 545   4.747295565289e+00    4.756022211549e+00
 546   4.756022211549e+00    4.764748857808e+00
 547   4.764748857808e+00    4.773475504068e+00
 548   4.773475504068e+00    4.782202150328e+00
 549   4.782202150328e+00    4.790928796588e+00
 550   4.790928796588e+00    4.799655442847e+00
 551   4.799655442847e+00    4.808382089107e+00
 552   4.808382089107e+00    4.817108735367e+00
 553   4.817108735367e+00    4.825835381626e+00
 554   4.825835381626e+00    4.834562027886e+00
 555   4.834562027886e+00    4.843288674146e+00
 556   4.843288674146e+00    4.852015320406e+00
 557   4.852015320406e+00    4.860741966665e+00
 558   4.860741966665e+00    4.869468612925e+00
 559   4.869468612925e+00    4.878195259185e+00
 560   4.878195259185e+00    4.886921905444e+00
 561   4.886921905444e+00    4.895648551704e+00
 562   4.895648551704e+00    4.904375197964e+00
 563   4.904375197964e+00    4.913101844224e+00
 564   4.913101844224e+00    4.921828490483e+00
 565   4.921828490483e+00    4.930555136743e+00
 566   4.930555136743e+00    4.939281783003e+00
 567   4.939281783003e+00    4.948008429262e+00
 568   4.948008429262e+00    4.956735075522e+00
 569   4.956735075522e+00    4.965461721782e+00
 570   4.965461721782e+00    4.974188368042e+00
 571   4.974188368042e+00    4.982915014301e+00
 572   4.982915014301e+00    4.991641660561e+00
 573   4.991641660561e+00    5.000368306821e+00
 574   5.000368306821e+00    5.009094953081e+00
 575   5.009094953081e+00    5.017821599340e+00
 576   5.017821599340e+00    5.026548245600e+00
 577   5.026548245600e+00    5.035274891860e+00
 578   5.035274891860e+00    5.044001538119e+00
 579   5.044001538119e+00    5.052728184379e+00
 580   5.052728184379e+00    5.061454830639e+00
 581   5.061454830639e+00    5.070181476899e+00
 582   5.070181476899e+00    5.078908123158e+00
 583   5.078908123158e+00    5.087634769418e+00
 584   5.087634769418e+00    5.096361415678e+00
 585   5.096361415678e+00    5.105088061937e+00
 586   5.105088061937e+00    5.113814708197e+00
 587   5.113814708197e+00    5.122541354457e+00
 588   5.122541354457e+00    5.131268000717e+00
 589   5.131268000717e+00    5.139994646976e+00
 590   5.139994646976e+00    5.148721293236e+00
 591   5.148721293236e+00    5.157447939496e+00
 592   5.157447939496e+00    5.166174585756e+00
 593   5.166174585756e+00    5.174901232015e+00
 594   5.174901232015e+00    5.183627878275e+00
 595   5.183627878275e+00    5.192354524535e+00
 596   5.192354524535e+00    5.201081170794e+00
 597   5.201081170794e+00    5.209807817054e+00
 598   5.209807817054e+00    5.218534463314e+00
 599   5.218534463314e+00    5.227261109574e+00
 600   5.227261109574e+00    5.235987755833e+00
 601   5.235987755833e+00    5.244714402093e+00
 602   5.244714402093e+00    5.253441048353e+00
 603   5.253441048353e+00    5.262167694612e+00
 604   5.262167694612e+00    5.270894340872e+00
 605   5.270894340872e+00    5.279620987132e+00
 606   5.279620987132e+00    5.288347633392e+00
 607   5.288347633392e+00    5.297074279651e+00
 608   5.297074279651e+00    5.305800925911e+00
 609   5.305800925911e+00    5.314527572171e+00
 610   5.314527572171e+00    5.323254218431e+00
 611   5.323254218431e+00    5.331980864690e+00
 612   5.331980864690e+00    5.340707510950e+00
 613   5.340707510950e+00    5.349434157210e+00
 614   5.349434157210e+00    5.358160803469e+00
 615   5.358160803469e+00    5.366887449729e+00
 616   5.366887449729e+00    5.375614095989e+00
 617   5.375614095989e+00    5.384340742249e+00
 618   5.384340742249e+00    5.393067388508e+00
 619   5.393067388508e+00    5.401794034768e+00
 620   5.401794034768e+00    5.410520681028e+00
 621   5.410520681028e+00    5.419247327288e+00
 622   5.419247327287e+00    5.427973973547e+00
 623   5.427973973547e+00    5.436700619807e+00
 624   5.436700619807e+00    5.445427266067e+00
 625   5.445427266067e+00    5.454153912326e+00
 626   5.454153912326e+00    5.462880558586e+00
 627   5.462880558586e+00    5.471607204846e+00
 628   5.471607204846e+00    5.480333851106e+00
 629   5.480333851106e+00    5.489060497365e+00
 630   5.489060497365e+00    5.497787143625e+00
 631   5.497787143625e+00    5.506513789885e+00
 632   5.506513789885e+00    5.515240436144e+00
 633   5.515240436144e+00    5.523967082404e+00
 634   5.523967082404e+00    5.532693728664e+00
 635   5.532693728664e+00    5.541420374924e+00
 636   5.541420374924e+00    5.550147021183e+00
 637   5.550147021183e+00    5.558873667443e+00
 638   5.558873667443e+00    5.567600313703e+00
 639   5.567600313703e+00    5.576326959963e+00
 640   5.576326959962e+00    5.585053606222e+00
 641   5.585053606222e+00    5.593780252482e+00
 642   5.593780252482e+00    5.602506898742e+00
 643   5.602506898742e+00    5.611233545001e+00
 644   5.611233545001e+00    5.619960191261e+00
 645   5.619960191261e+00    5.628686837521e+00
 646   5.628686837521e+00    5.637413483781e+00
 647   5.637413483781e+00    5.646140130040e+00
 648   5.646140130040e+00    5.654866776300e+00
 649   5.654866776300e+00    5.663593422560e+00
 650   5.663593422560e+00    5.672320068819e+00
 651   5.672320068819e+00    5.681046715079e+00
 652   5.681046715079e+00    5.689773361339e+00
 653   5.689773361339e+00    5.698500007599e+00
 654   5.698500007599e+00    5.707226653858e+00
 655   5.707226653858e+00    5.715953300118e+00
 656   5.715953300118e+00    5.724679946378e+00
 657   5.724679946378e+00    5.733406592638e+00
 658   5.733406592638e+00    5.742133238897e+00
 659   5.742133238897e+00    5.750859885157e+00
 660   5.750859885157e+00    5.759586531417e+00
 661   5.759586531417e+00    5.768313177676e+00
 662   5.768313177676e+00    5.777039823936e+00
 663   5.777039823936e+00    5.785766470196e+00
 664   5.785766470196e+00    5.794493116456e+00
 665   5.794493116456e+00    5.803219762715e+00
 666   5.803219762715e+00    5.811946408975e+00
 667   5.811946408975e+00    5.820673055235e+00
 668   5.820673055235e+00    5.829399701494e+00
 669   5.829399701494e+00    5.838126347754e+00
 670   5.838126347754e+00    5.846852994014e+00
 671   5.846852994014e+00    5.855579640274e+00
 672   5.855579640274e+00    5.864306286533e+00
 673   5.864306286533e+00    5.873032932793e+00
 674   5.873032932793e+00    5.881759579053e+00
 675   5.881759579053e+00    5.890486225313e+00
 676   5.890486225313e+00    5.899212871572e+00
 677   5.899212871572e+00    5.907939517832e+00
 678   5.907939517832e+00    5.916666164092e+00
 679   5.916666164092e+00    5.925392810351e+00
 680   5.925392810351e+00    5.934119456611e+00
 681   5.934119456611e+00    5.942846102871e+00
 682   5.942846102871e+00    5.951572749131e+00
 683   5.951572749131e+00    5.960299395390e+00
 684   5.960299395390e+00    5.969026041650e+00
 685   5.969026041650e+00    5.977752687910e+00
 686   5.977752687910e+00    5.986479334169e+00
 687   5.986479334169e+00    5.995205980429e+00
 688   5.995205980429e+00    6.003932626689e+00
 689   6.003932626689e+00    6.012659272949e+00
 690   6.012659272949e+00    6.021385919208e+00
 691   6.021385919208e+00    6.030112565468e+00
 692   6.030112565468e+00    6.038839211728e+00
 693   6.038839211728e+00    6.047565857988e+00
 694   6.047565857988e+00    6.056292504247e+00
 695   6.056292504247e+00    6.065019150507e+00
 696   6.065019150507e+00    6.073745796767e+00
 697   6.073745796767e+00    6.082472443026e+00
 698   6.082472443026e+00    6.091199089286e+00
 699   6.091199089286e+00    6.099925735546e+00
 700   6.099925735546e+00    6.108652381806e+00
 701   6.108652381806e+00    6.117379028065e+00
 702   6.117379028065e+00    6.126105674325e+00
 703   6.126105674325e+00    6.134832320585e+00
 704   6.134832320585e+00    6.143558966844e+00
 705   6.143558966844e+00    6.152285613104e+00
 706   6.152285613104e+00    6.161012259364e+00
 707   6.161012259364e+00    6.169738905624e+00
 708   6.169738905624e+00    6.178465551883e+00
 709   6.178465551883e+00    6.187192198143e+00
 710   6.187192198143e+00    6.195918844403e+00
 711   6.195918844403e+00    6.204645490663e+00
 712   6.204645490663e+00    6.213372136922e+00
 713   6.213372136922e+00    6.222098783182e+00
 714   6.222098783182e+00    6.230825429442e+00
 715   6.230825429442e+00    6.239552075701e+00
 716   6.239552075701e+00    6.248278721961e+00
 717   6.248278721961e+00    6.257005368221e+00
 718   6.257005368221e+00    6.265732014481e+00
 719   6.265732014481e+00    6.274458660740e+00
 720   6.274458660740e+00    6.283185307000e+00
1 
 1   -1.000000000000e+00    1.000000000000e+00
