0 0  1.000000000000000e+00  0.000000000000000e+00  0.000000000000000e+00  0.000000000000000e+00  0.000000000000000e+00  0.000000000000000e+00  0.000000000000000e+00 1
0 1  1.000000000000000e-05  8.775825618903725e-01  4.794255386042029e-01  0.000000000000000e+00 -3.012334561604431e+00  5.514041428706972e+00  0.000000000000000e+00 0
1 0  1.000000000000000e+00  0.000000000000000e+00  0.000000000000000e+00  0.000000000000000e+00  0.000000000000000e+00  0.000000000000000e+00  0.000000000000000e+00 1
1 1  1.000000000000000e-05  8.895916189506841e-01  4.568049176206120e-01  0.000000000000000e+00 -2.870125431754449e+00  5.589340242715660e+00  0.000000000000000e+00 0
2 0  1.000000000000000e+00  0.000000000000000e+00  0.000000000000000e+00  0.000000000000000e+00  0.000000000000000e+00  0.000000000000000e+00  0.000000000000000e+00 1
2 1  1.000000000000000e-05  9.255845468003723e-01  3.786890107859773e-01  0.000000000000000e+00 -2.379203366809164e+00  5.815186018580126e+00  0.000000000000000e+00 0
3 0  1.000000000000000e+00  0.000000000000000e+00  0.000000000000000e+00  0.000000000000000e+00  0.000000000000000e+00  0.000000000000000e+00  0.000000000000000e+00 1
3 1  1.000000000000000e-05  9.714831559600472e-01  2.374880256006571e-01  0.000000000000000e+00 -1.492010122683452e+00  6.103241001331189e+00  0.000000000000000e+00 0
4 0  1.000000000000000e+00  0.000000000000000e+00  0.000000000000000e+00  0.000000000000000e+00  0.000000000000000e+00  0.000000000000000e+00  0.000000000000000e+00 1
4 1  1.000000000000000e-05  9.997566322103538e-01  2.711744410183042e-02  0.000000000000000e+00 -1.703823374036467e-01  6.280543851660915e+00  0.000000000000000e+00 0
5 0  1.000000000000000e+00  0.000000000000000e+00  0.000000000000000e+00  0.000000000000000e+00  0.000000000000000e+00  0.000000000000000e+00  0.000000000000000e+00 1
5 1  1.000000000000000e-05  9.685733757761954e-01 -2.493679493547563e-01  0.000000000000000e+00  1.566422593184787e+00  6.084335246496591e+00  0.000000000000000e+00 0
6 0  1.000000000000000e+00  0.000000000000000e+00  0.000000000000000e+00  0.000000000000000e+00  0.000000000000000e+00  0.000000000000000e+00  0.000000000000000e+00 1
6 1  1.000000000000000e-05  8.308230659687462e-01 -5.568877119647501e-01  0.000000000000000e+00  3.497982575483923e+00  5.218754981136222e+00  0.000000000000000e+00 0
7 0  1.000000000000000e+00  0.000000000000000e+00  0.000000000000000e+00  0.000000000000000e+00  0.000000000000000e+00  0.000000000000000e+00  0.000000000000000e+00 1
7 1  1.000000000000000e-05  5.476679414686194e-01 -8.369737527197749e-01  0.000000000000000e+00  5.257021134164655e+00  3.439970336543378e+00  0.000000000000000e+00 0
8 0  1.000000000000000e+00  0.000000000000000e+00  0.000000000000000e+00  0.000000000000000e+00  0.000000000000000e+00  0.000000000000000e+00  0.000000000000000e+00 1
8 1  1.000000000000000e-05  1.127329965262911e-01 -9.938975238434783e-01  0.000000000000000e+00  6.242322619225434e+00  7.080954253218389e-01  0.000000000000000e+00 0
9 0  1.000000000000000e+00  0.000000000000000e+00  0.000000000000000e+00  0.000000000000000e+00  0.000000000000000e+00  0.000000000000000e+00  0.000000000000000e+00 1
9 1  1.000000000000000e-05 -4.008185886138212e-01 -9.164935013870951e-01  0.000000000000000e+00  5.755861644976314e+00 -2.517221949766026e+00  0.000000000000000e+00 0
10 0  1.000000000000000e+00  0.000000000000000e+00  0.000000000000000e+00  0.000000000000000e+00  0.000000000000000e+00  0.000000000000000e+00  0.000000000000000e+00 1
10 1  1.000000000000000e-05 -8.433053718918359e-01 -5.380730334241687e-01  0.000000000000000e+00  3.379076562570645e+00 -5.295914906719537e+00  0.000000000000000e+00 0
11 0  1.000000000000000e+00  0.000000000000000e+00  0.000000000000000e+00  0.000000000000000e+00  0.000000000000000e+00  0.000000000000000e+00  0.000000000000000e+00 1
11 1  1.000000000000000e-05 -9.967952028793353e-01  8.455182264645845e-02  0.000000000000000e+00 -5.309913968618079e-01 -6.259531935259798e+00  0.000000000000000e+00 0
12 0  1.000000000000000e+00  0.000000000000000e+00  0.000000000000000e+00  0.000000000000000e+00  0.000000000000000e+00  0.000000000000000e+00  0.000000000000000e+00 1
12 1  1.000000000000000e-05 -6.953194813824921e-01  7.192603300241556e-01  0.000000000000000e+00 -4.516579717846264e+00 -4.366158713499579e+00  0.000000000000000e+00 0
13 0  1.000000000000000e+00  0.000000000000000e+00  0.000000000000000e+00  0.000000000000000e+00  0.000000000000000e+00  0.000000000000000e+00  0.000000000000000e+00 1
13 1  1.000000000000000e-05  7.894430228504059e-03  1.000396630173004e+00  0.000000000000000e+00 -6.281692615402386e+00  4.962635595388545e-02  0.000000000000000e+00 0
14 0  1.000000000000000e+00  0.000000000000000e+00  0.000000000000000e+00  0.000000000000000e+00  0.000000000000000e+00  0.000000000000000e+00  0.000000000000000e+00 1
14 1  1.000000000000000e-05  7.489400658722599e-01  6.633255857540236e-01  0.000000000000000e+00 -4.164979285258896e+00  4.702569284073786e+00  0.000000000000000e+00 0
15 0  1.000000000000000e+00  0.000000000000000e+00  0.000000000000000e+00  0.000000000000000e+00  0.000000000000000e+00  0.000000000000000e+00  0.000000000000000e+00 1
15 1  1.000000000000000e-05  9.846290693022971e-01 -1.774476928691690e-01  0.000000000000000e+00  1.114087635409112e+00  6.182116372264463e+00  0.000000000000000e+00 0
16 0  1.000000000000000e+00  0.000000000000000e+00  0.000000000000000e+00  0.000000000000000e+00  0.000000000000000e+00  0.000000000000000e+00  0.000000000000000e+00 1
16 1  1.000000000000000e-05  4.149762977719132e-01 -9.104174864029042e-01  0.000000000000000e+00  5.715756272881799e+00  2.605361161669796e+00  0.000000000000000e+00 0
17 0  1.000000000000000e+00  0.000000000000000e+00  0.000000000000000e+00  0.000000000000000e+00  0.000000000000000e+00  0.000000000000000e+00  0.000000000000000e+00 1
17 1  1.000000000000000e-05 -5.639328245004829e-01 -8.265154288054127e-01  0.000000000000000e+00  5.188702112148818e+00 -3.540224786462529e+00  0.000000000000000e+00 0
18 0  1.000000000000000e+00  0.000000000000000e+00  0.000000000000000e+00  0.000000000000000e+00  0.000000000000000e+00  0.000000000000000e+00  0.000000000000000e+00 1
18 1  1.000000000000000e-05 -9.938789625216051e-01  1.158330603885770e-01  0.000000000000000e+00 -7.271760261565318e-01 -6.239053423576100e+00  0.000000000000000e+00 0
19 0  1.000000000000000e+00  0.000000000000000e+00  0.000000000000000e+00  0.000000000000000e+00  0.000000000000000e+00  0.000000000000000e+00  0.000000000000000e+00 1
19 1  1.000000000000000e-05 -2.975380279253926e-01  9.553687580709185e-01  0.000000000000000e+00 -5.997154380984958e+00 -1.867675898719846e+00  0.000000000000000e+00 0
20 0  1.000000000000000e+00  0.000000000000000e+00  0.000000000000000e+00  0.000000000000000e+00  0.000000000000000e+00  0.000000000000000e+00  0.000000000000000e+00 1
20 1  1.000000000000000e-05  7.895643213973134e-01  6.147328037139713e-01  0.000000000000000e+00 -3.858724621758050e+00  4.956173076968824e+00  0.000000000000000e+00 0
21 0  1.000000000000000e+00  0.000000000000000e+00  0.000000000000000e+00  0.000000000000000e+00  0.000000000000000e+00  0.000000000000000e+00  0.000000000000000e+00 1
21 1  1.000000000000000e-05  8.176873453744302e-01 -5.768642581458999e-01  0.000000000000000e+00  3.620765061792479e+00  5.132420777650108e+00  0.000000000000000e+00 0
22 0  1.000000000000000e+00  0.000000000000000e+00  0.000000000000000e+00  0.000000000000000e+00  0.000000000000000e+00  0.000000000000000e+00  0.000000000000000e+00 1
22 1  1.000000000000000e-05 -3.720850253188644e-01 -9.289930364986515e-01  0.000000000000000e+00  5.830607004168339e+00 -2.335260804516005e+00  0.000000000000000e+00 0
23 0  1.000000000000000e+00  0.000000000000000e+00  0.000000000000000e+00  0.000000000000000e+00  0.000000000000000e+00  0.000000000000000e+00  0.000000000000000e+00 1
23 1  1.000000000000000e-05 -9.790006000496327e-01  2.076030456509605e-01  0.000000000000000e+00 -1.302944123166857e+00 -6.144140322791992e+00  0.000000000000000e+00 0
24 0  1.000000000000000e+00  0.000000000000000e+00  0.000000000000000e+00  0.000000000000000e+00  0.000000000000000e+00  0.000000000000000e+00  0.000000000000000e+00 1
24 1  1.000000000000000e-05  9.815747412566993e-02  9.959646236639379e-01  0.000000000000000e+00 -6.250466707187115e+00  6.160688459036550e-01  0.000000000000000e+00 0
25 0  1.000000000000000e+00  0.000000000000000e+00  0.000000000000000e+00  0.000000000000000e+00  0.000000000000000e+00  0.000000000000000e+00  0.000000000000000e+00 1
25 1  1.000000000000000e-05  9.996470586749669e-01 -4.843353244301131e-02  0.000000000000000e+00  3.039137889307598e-01  6.273313143362915e+00  0.000000000000000e+00 0
