0 1  9.999999999999991e-01  5.554967761975130e-16  0.000000000000000e+00  0.000000000000000e+00  0.000000000000000e+00  4.999999999999999e-01  9.999950000374983e-01  4.999999999999997e-01  4.999999999999994e-01
1 1  1.000032125233714e+00  1.013703563723796e-05  0.000000000000000e+00  0.000000000000000e+00  4.966896341838440e-01  6.260884525204440e+00  1.000043188034141e+00  6.260884751248378e+00  6.260884977291171e+00
1 1  1.000032125233714e+00  1.013703563723796e-05  0.000000000000000e+00  0.000000000000000e+00  4.966896341838440e-01  6.260884525204440e+00  1.000043188034141e+00  6.260884751248378e+00  6.260884977291171e+00
2 1  1.000066133556135e+00  1.013283414435243e-05  0.000000000000000e+00  0.000000000000000e+00  4.958239027270067e-01  6.175717870880490e+00  1.000094201515795e+00  6.175718957729835e+00  6.175720044573711e+00
2 1  1.000066133556135e+00  1.013283414435243e-05  0.000000000000000e+00  0.000000000000000e+00  4.958239027270067e-01  6.175717870880490e+00  1.000094201515795e+00  6.175718957729835e+00  6.175720044573711e+00
3 1  1.000099838317519e+00  1.012642441383226e-05  0.000000000000000e+00  0.000000000000000e+00  4.947147783171039e-01  6.028227590870924e+00  1.000144760502799e+00  6.028230144788131e+00  6.028232698692830e+00
3 1  1.000099838317519e+00  1.012642441383226e-05  0.000000000000000e+00  0.000000000000000e+00  4.947147783171039e-01  6.028227590870924e+00  1.000144760502799e+00  6.028230144788131e+00  6.028232698692830e+00
4 1  1.000133369380103e+00  1.011596657833291e-05  0.000000000000000e+00  0.000000000000000e+00  4.933717601614470e-01  5.816930943328608e+00  1.000195059777481e+00  5.816935490876350e+00  5.816940038403552e+00
4 1  1.000133369380103e+00  1.011596657833291e-05  0.000000000000000e+00  0.000000000000000e+00  4.933717601614470e-01  5.816930943328608e+00  1.000195059777481e+00  5.816935490876350e+00  5.816940038403552e+00
5 1  1.000166799301837e+00  1.010058744289035e-05  0.000000000000000e+00  0.000000000000000e+00  4.920373971104892e-01  5.539161409633234e+00  1.000245208172180e+00  5.539168250270719e+00  5.539175090882792e+00
5 1  1.000166799301837e+00  1.010058744289035e-05  0.000000000000000e+00  0.000000000000000e+00  4.920373971104892e-01  5.539161409633234e+00  1.000245208172180e+00  5.539168250270719e+00  5.539175090882792e+00
6 1  1.000200163611985e+00  1.007994516377411e-05  0.000000000000000e+00  0.000000000000000e+00  4.911413984475814e-01  5.201540924286529e+00  1.000295258978237e+00  5.201549822152162e+00  5.201558719996730e+00
6 1  1.000200163611985e+00  1.007994516377411e-05  0.000000000000000e+00  0.000000000000000e+00  4.911413984475814e-01  5.201540924286529e+00  1.000295258978237e+00  5.201549822152162e+00  5.201558719996730e+00
7 1  1.000233479075584e+00  1.005507915007052e-05  0.000000000000000e+00  0.000000000000000e+00  4.910543582111583e-01  4.800756883155969e+00  1.000345237341078e+00  4.800766898996725e+00  4.800776914833043e+00
7 1  1.000233479075584e+00  1.005507915007052e-05  0.000000000000000e+00  0.000000000000000e+00  4.910543582111583e-01  4.800756883155969e+00  1.000345237341078e+00  4.800766898996725e+00  4.800776914833043e+00
8 1  1.000266757175560e+00  1.003083172408228e-05  0.000000000000000e+00  0.000000000000000e+00  4.921810915492817e-01  4.333150365190683e+00  1.000395160483627e+00  4.333159683316805e+00  4.333169001460234e+00
8 1  1.000266757175560e+00  1.003083172408228e-05  0.000000000000000e+00  0.000000000000000e+00  4.921810915492817e-01  4.333150365190683e+00  1.000395160483627e+00  4.333159683316805e+00  4.333169001460234e+00
9 1  1.000300002257680e+00  1.001495974853928e-05  0.000000000000000e+00  0.000000000000000e+00  4.945906651700530e-01  3.805522798764181e+00  1.000445034922671e+00  3.805528970175893e+00  3.805535141611951e+00
9 1  1.000300002257680e+00  1.001495974853928e-05  0.000000000000000e+00  0.000000000000000e+00  4.945906651700530e-01  3.805522798764181e+00  1.000445034922671e+00  3.805528970175893e+00  3.805535141611951e+00
10 1  1.000333214860401e+00  1.001739989130846e-05  0.000000000000000e+00  0.000000000000000e+00  4.976826945643946e-01  3.211840273891707e+00  1.000494861463542e+00  3.211840977015100e+00  3.211841680142012e+00
10 1  1.000333214860401e+00  1.001739989130846e-05  0.000000000000000e+00  0.000000000000000e+00  4.976826945643946e-01  3.211840273891707e+00  1.000494861463542e+00  3.211840977015100e+00  3.211841680142012e+00
11 1  1.000366397821400e+00  1.004185975283593e-05  0.000000000000000e+00  0.000000000000000e+00  5.002901023945966e-01  2.556681449111156e+00  1.000544644361072e+00  2.556675904722613e+00  2.556670360310859e+00
11 1  1.000366397821400e+00  1.004185975283593e-05  0.000000000000000e+00  0.000000000000000e+00  5.002901023945966e-01  2.556681449111156e+00  1.000544644361072e+00  2.556675904722613e+00  2.556670360310859e+00
12 1  1.000399551200411e+00  1.008347605610906e-05  0.000000000000000e+00  0.000000000000000e+00  5.006228023515662e-01  1.838648950064418e+00  1.000594383702655e+00  1.838639226137554e+00  1.838629502197717e+00
12 1  1.000399551200411e+00  1.008347605610906e-05  0.000000000000000e+00  0.000000000000000e+00  5.006228023515662e-01  1.838648950064418e+00  1.000594383702655e+00  1.838639226137554e+00  1.838629502197717e+00
13 1  1.000432682938357e+00  1.012225745726811e-05  0.000000000000000e+00  0.000000000000000e+00  4.976922610992792e-01  1.065212929192780e+00  1.000644091399971e+00  1.065204073331673e+00  1.065195217492273e+00
13 1  1.000432682938357e+00  1.012225745726811e-05  0.000000000000000e+00  0.000000000000000e+00  4.976922610992792e-01  1.065212929192780e+00  1.000644091399971e+00  1.065204073331673e+00  1.065195217492273e+00
14 1  1.000465787239148e+00  1.013145345061912e-05  0.000000000000000e+00  0.000000000000000e+00  4.924494602185497e-01  2.324007234874035e-01  1.000693758755278e+00  2.323983900796060e-01  2.323960566833118e-01
14 1  1.000465787239148e+00  1.013145345061912e-05  0.000000000000000e+00  0.000000000000000e+00  4.924494602185497e-01  2.324007234874035e-01  1.000693758755278e+00  2.323983900796060e-01  2.323960566833118e-01
15 1  1.000498866511578e+00  1.009777161436369e-05  0.000000000000000e+00  0.000000000000000e+00  4.878188606647344e-01  5.617062543505459e+00  1.000743389380594e+00  5.617068783320548e+00  5.617075023110874e+00
15 1  1.000498866511578e+00  1.009777161436369e-05  0.000000000000000e+00  0.000000000000000e+00  4.878188606647344e-01  5.617062543505459e+00  1.000743389380594e+00  5.617068783320548e+00  5.617075023110874e+00
16 1  1.000531921021512e+00  1.003929906925831e-05  0.000000000000000e+00  0.000000000000000e+00  4.875346544369490e-01  4.652528335988907e+00  1.000792983672945e+00  4.652538357309457e+00  4.652548378633020e+00
16 1  1.000531921021512e+00  1.003929906925831e-05  0.000000000000000e+00  0.000000000000000e+00  4.875346544369490e-01  4.652528335988907e+00  1.000792983672945e+00  4.652538357309457e+00  4.652548378633020e+00
17 1  1.000564947010456e+00  1.000558658987557e-05  0.000000000000000e+00  0.000000000000000e+00  4.922107529096195e-01  3.621429381397933e+00  1.000842535991169e+00  3.621434000340864e+00  3.621438619304300e+00
17 1  1.000564947010456e+00  1.000558658987557e-05  0.000000000000000e+00  0.000000000000000e+00  4.922107529096195e-01  3.621429381397933e+00  1.000842535991169e+00  3.621434000340864e+00  3.621438619304300e+00
18 1  1.000597950507134e+00  1.003485029676587e-05  0.000000000000000e+00  0.000000000000000e+00  4.972969151872466e-01  2.528272719910528e+00  1.000892055378880e+00  2.528266943972754e+00  2.528261168011282e+00
18 1  1.000597950507134e+00  1.003485029676587e-05  0.000000000000000e+00  0.000000000000000e+00  4.972969151872466e-01  2.528272719910528e+00  1.000892055378880e+00  2.528266943972754e+00  2.528261168011282e+00
19 1  1.000630927296090e+00  1.010020142496538e-05  0.000000000000000e+00  0.000000000000000e+00  4.964838757663967e-01  1.376229408645062e+00  1.000941535509245e+00  1.376219499029021e+00  1.376209589422656e+00
19 1  1.000630927296090e+00  1.010020142496538e-05  0.000000000000000e+00  0.000000000000000e+00  4.964838757663967e-01  1.376229408645062e+00  1.000941535509245e+00  1.376219499029021e+00  1.376209589422656e+00
20 1  1.000663883220408e+00  1.012084193121181e-05  0.000000000000000e+00  0.000000000000000e+00  4.895941401779198e-01  1.719438029750086e-01  1.000990985147765e+00  1.719420713297436e-01  1.719403396931125e-01
20 1  1.000663883220408e+00  1.012084193121181e-05  0.000000000000000e+00  0.000000000000000e+00  4.895941401779198e-01  1.719438029750086e-01  1.000990985147765e+00  1.719420713297436e-01  1.719403396931125e-01
21 1  1.000696818500376e+00  1.006097868792511e-05  0.000000000000000e+00  0.000000000000000e+00  4.847495133785403e-01  5.184039649781099e+00  1.001040404623422e+00  5.184048612276697e+00  5.184057574751815e+00
21 1  1.000696818500376e+00  1.006097868792511e-05  0.000000000000000e+00  0.000000000000000e+00  4.847495133785403e-01  5.184039649781099e+00  1.001040404623422e+00  5.184048612276697e+00  5.184057574751815e+00
22 1  1.000729746081306e+00  9.997647321025971e-06  0.000000000000000e+00  0.000000000000000e+00  4.888835691936462e-01  3.842546446914875e+00  1.001089813359628e+00  3.842552894891103e+00  3.842559342891970e+00
22 1  1.000729746081306e+00  9.997647321025971e-06  0.000000000000000e+00  0.000000000000000e+00  4.888835691936462e-01  3.842546446914875e+00  1.001089813359628e+00  3.842552894891103e+00  3.842559342891970e+00
23 1  1.000762655540643e+00  1.002994468543411e-05  0.000000000000000e+00  0.000000000000000e+00  4.956086265511697e-01  2.437023396994150e+00  1.001139195716085e+00  2.437016900516882e+00  2.437010404014791e+00
23 1  1.000762655540643e+00  1.002994468543411e-05  0.000000000000000e+00  0.000000000000000e+00  4.956086265511697e-01  2.437023396994150e+00  1.001139195716085e+00  2.437016900516882e+00  2.437010404014791e+00
24 1  1.000795534458356e+00  1.010661377338711e-05  0.000000000000000e+00  0.000000000000000e+00  4.927499651663045e-01  9.798084263200860e-01  1.001188533054079e+00  9.798000339061916e-01  9.797916415159276e-01
24 1  1.000795534458356e+00  1.010661377338711e-05  0.000000000000000e+00  0.000000000000000e+00  4.927499651663045e-01  9.798084263200860e-01  1.001188533054079e+00  9.798000339061916e-01  9.797916415159276e-01
25 1  1.000828386608867e+00  1.008746810089108e-05  0.000000000000000e+00  0.000000000000000e+00  4.840727852142701e-01  5.750699748018432e+00  1.001237831035283e+00  5.750704869165011e+00  5.750709990289343e+00
25 1  1.000828386608867e+00  1.008746810089108e-05  0.000000000000000e+00  0.000000000000000e+00  4.840727852142701e-01  5.750699748018432e+00  1.001237831035283e+00  5.750704869165011e+00  5.750709990289343e+00
