0 0  1.000000000000000e+00  0.000000000000000e+00  0.000000000000000e+00  0.000000000000000e+00  0.000000000000000e+00  0.000000000000000e+00  0.000000000000000e+00 1
0 1  1.000000000000000e-15  8.775825618903725e-01  4.794255386042029e-01  0.000000000000000e+00 -3.012319500044586e+00  5.514013858706607e+00  0.000000000000000e+00 0
1 0  1.000000000000000e+00  0.000000000000000e+00  0.000000000000000e+00  0.000000000000000e+00  0.000000000000000e+00  0.000000000000000e+00  0.000000000000000e+00 1
1 1  1.000000000000000e-10  8.791624700742704e-01  4.765221413432880e-01  0.000000000000000e+00 -2.994076917005842e+00  5.523940714713574e+00  0.000000000000000e+00 0
2 0  1.000000000000000e+00  0.000000000000000e+00  0.000000000000000e+00  0.000000000000000e+00  0.000000000000000e+00  0.000000000000000e+00  0.000000000000000e+00 1
2 1  1.000000000000000e-10  8.787693331271637e-01  4.772467486748838e-01  0.000000000000000e+00 -2.998629759108577e+00  5.521470562484145e+00  0.000000000000000e+00 0
3 0  1.000000000000000e+00  0.000000000000000e+00  0.000000000000000e+00  0.000000000000000e+00  0.000000000000000e+00  0.000000000000000e+00  0.000000000000000e+00 1
3 1  1.000000000000000e-10  8.783756462498954e-01  4.779709447524145e-01  0.000000000000000e+00 -3.003180017219497e+00  5.518996954955341e+00  0.000000000000000e+00 0
4 0  1.000000000000000e+00  0.000000000000000e+00  0.000000000000000e+00  0.000000000000000e+00  0.000000000000000e+00  0.000000000000000e+00  0.000000000000000e+00 1
4 1  1.000000000000000e-10  8.779813955767107e-01  4.786947555218840e-01  0.000000000000000e+00 -3.007727854364563e+00  5.516519804971390e+00  0.000000000000000e+00 0
5 0  1.000000000000000e+00  0.000000000000000e+00  0.000000000000000e+00  0.000000000000000e+00  0.000000000000000e+00  0.000000000000000e+00  0.000000000000000e+00 1
5 1  1.000000000000000e-10  8.775865724955741e-01  4.794181970941764e-01  0.000000000000000e+00 -3.012273371783216e+00  5.514039058462599e+00  0.000000000000000e+00 0
6 0  1.000000000000000e+00  0.000000000000000e+00  0.000000000000000e+00  0.000000000000000e+00  0.000000000000000e+00  0.000000000000000e+00  0.000000000000000e+00 1
6 1  1.000000000000000e-10  8.790572752854953e-01  4.767161699426536e-01  0.000000000000000e+00 -2.995296034439260e+00  5.523279756691889e+00  0.000000000000000e+00 0
7 0  1.000000000000000e+00  0.000000000000000e+00  0.000000000000000e+00  0.000000000000000e+00  0.000000000000000e+00  0.000000000000000e+00  0.000000000000000e+00 1
7 1  1.000000000000000e-10  8.786641176735214e-01  4.774404342099571e-01  0.000000000000000e+00 -2.999846720999139e+00  5.520809474625591e+00  0.000000000000000e+00 0
8 0  1.000000000000000e+00  0.000000000000000e+00  0.000000000000000e+00  0.000000000000000e+00  0.000000000000000e+00  0.000000000000000e+00  0.000000000000000e+00 1
8 1  1.000000000000000e-10  8.782703787345164e-01  4.781643459465419e-01  0.000000000000000e+00 -3.004395192536080e+00  5.518335539960954e+00  0.000000000000000e+00 0
9 0  1.000000000000000e+00  0.000000000000000e+00  0.000000000000000e+00  0.000000000000000e+00  0.000000000000000e+00  0.000000000000000e+00  0.000000000000000e+00 1
9 1  1.000000000000000e-10  8.778760581569421e-01  4.788879058808838e-01  0.000000000000000e+00 -3.008941453644080e+00  5.515857950771324e+00  0.000000000000000e+00 0
10 0  1.000000000000000e+00  0.000000000000000e+00  0.000000000000000e+00  0.000000000000000e+00  0.000000000000000e+00  0.000000000000000e+00  0.000000000000000e+00 1
10 1  1.000000000000000e-10  8.775821074250182e-01  4.794263703615899e-01  0.000000000000000e+00 -3.012324725718832e+00  5.514011003923645e+00  0.000000000000000e+00 0
