0 1  9.999999999999996e-01  3.336989437355839e-16  0.000000000000000e+00  0.000000000000000e+00  0.000000000000000e+00  4.999999999999999e-01  9.999999999999989e-01  4.999999999999997e-01  4.999999999999995e-01
1 1  9.999999998840750e-01  1.054676452019542e-10  0.000000000000000e+00  0.000000000000000e+00  0.000000000000000e+00  4.966945748424479e-01  9.999999997761125e-01  4.966945747921901e-01  4.966945747419324e-01
1 1  9.999999998840750e-01  1.054676452019542e-10  0.000000000000000e+00  0.000000000000000e+00  0.000000000000000e+00  4.966945748424479e-01  9.999999997761125e-01  4.966945747921901e-01  4.966945747419324e-01
2 1  9.999999998714144e-01  1.136266144302852e-10  0.000000000000000e+00  0.000000000000000e+00  0.000000000000000e+00  4.975189609672047e-01  9.999999997571216e-01  4.975189609129768e-01  4.975189608587489e-01
2 1  9.999999998714144e-01  1.136266144302852e-10  0.000000000000000e+00  0.000000000000000e+00  0.000000000000000e+00  4.975189609672047e-01  9.999999997571216e-01  4.975189609129768e-01  4.975189608587489e-01
3 1  9.999999998594147e-01  1.217467123975793e-10  0.000000000000000e+00  0.000000000000000e+00  0.000000000000000e+00  4.983432481468593e-01  9.999999997391220e-01  4.983432480886680e-01  4.983432480304766e-01
3 1  9.999999998594147e-01  1.217467123975793e-10  0.000000000000000e+00  0.000000000000000e+00  0.000000000000000e+00  4.983432481468593e-01  9.999999997391220e-01  4.983432480886680e-01  4.983432480304766e-01
4 1  9.999999998481695e-01  1.312613110175821e-10  0.000000000000000e+00  0.000000000000000e+00  0.000000000000000e+00  4.991674663593491e-01  9.999999997222542e-01  4.991674662965149e-01  4.991674662336808e-01
4 1  9.999999998481695e-01  1.312613110175821e-10  0.000000000000000e+00  0.000000000000000e+00  0.000000000000000e+00  4.991674663593491e-01  9.999999997222542e-01  4.991674662965149e-01  4.991674662336808e-01
5 1  9.999999998358411e-01  1.405892480579450e-10  0.000000000000000e+00  0.000000000000000e+00  0.000000000000000e+00  4.999916344322635e-01  9.999999997037616e-01  4.999916343648628e-01  4.999916342974617e-01
5 1  9.999999998358411e-01  1.405892480579450e-10  0.000000000000000e+00  0.000000000000000e+00  0.000000000000000e+00  4.999916344322635e-01  9.999999997037616e-01  4.999916343648628e-01  4.999916342974617e-01
6 1  9.999999998235505e-01  1.509720186490261e-10  0.000000000000000e+00  0.000000000000000e+00  0.000000000000000e+00  4.969152851529400e-01  9.999999996853258e-01  4.969152850809689e-01  4.969152850089981e-01
6 1  9.999999998235505e-01  1.509720186490261e-10  0.000000000000000e+00  0.000000000000000e+00  0.000000000000000e+00  4.969152851529400e-01  9.999999996853258e-01  4.969152850809689e-01  4.969152850089981e-01
7 1  9.999999998118523e-01  1.613202392363498e-10  0.000000000000000e+00  0.000000000000000e+00  0.000000000000000e+00  4.977393796106577e-01  9.999999996677785e-01  4.977393795336370e-01  4.977393794566162e-01
7 1  9.999999998118523e-01  1.613202392363498e-10  0.000000000000000e+00  0.000000000000000e+00  0.000000000000000e+00  4.977393796106577e-01  9.999999996677785e-01  4.977393795336370e-01  4.977393794566162e-01
8 1  9.999999998013296e-01  1.722137336417139e-10  0.000000000000000e+00  0.000000000000000e+00  0.000000000000000e+00  4.985634418613097e-01  9.999999996519944e-01  4.985634417789632e-01  4.985634416966168e-01
8 1  9.999999998013296e-01  1.722137336417139e-10  0.000000000000000e+00  0.000000000000000e+00  0.000000000000000e+00  4.985634418613097e-01  9.999999996519944e-01  4.985634417789632e-01  4.985634416966168e-01
9 1  9.999999997889018e-01  1.831786409513197e-10  0.000000000000000e+00  0.000000000000000e+00  0.000000000000000e+00  4.993874732532975e-01  9.999999996333527e-01  4.993874731655751e-01  4.993874730778531e-01
9 1  9.999999997889018e-01  1.831786409513197e-10  0.000000000000000e+00  0.000000000000000e+00  0.000000000000000e+00  4.993874732532975e-01  9.999999996333527e-01  4.993874731655751e-01  4.993874730778531e-01
10 1  9.999999997759623e-01  1.944474166148339e-10  0.000000000000000e+00  0.000000000000000e+00  0.000000000000000e+00  5.000009478180759e-01  9.999999996139435e-01  5.000009477248524e-01  5.000009476316292e-01
10 1  9.999999997759623e-01  1.944474166148339e-10  0.000000000000000e+00  0.000000000000000e+00  0.000000000000000e+00  5.000009478180759e-01  9.999999996139435e-01  5.000009477248524e-01  5.000009476316292e-01
